{"/Users/chrisdukes/Desktop/projects/vibestack-improved/vibestack/vibestack-api/jest.config.js": {"path":"/Users/chrisdukes/Desktop/projects/vibestack-improved/vibestack/vibestack-api/jest.config.js","all":true,"statementMap":{"0":{"start":{"line":1,"column":0},"end":{"line":1,"column":36}},"1":{"start":{"line":2,"column":0},"end":{"line":2,"column":18}},"2":{"start":{"line":3,"column":0},"end":{"line":3,"column":20}},"3":{"start":{"line":4,"column":0},"end":{"line":4,"column":26}},"4":{"start":{"line":5,"column":0},"end":{"line":5,"column":27}},"5":{"start":{"line":6,"column":0},"end":{"line":6,"column":14}},"6":{"start":{"line":7,"column":0},"end":{"line":7,"column":32}},"7":{"start":{"line":8,"column":0},"end":{"line":8,"column":32}},"8":{"start":{"line":9,"column":0},"end":{"line":9,"column":19}},"9":{"start":{"line":10,"column":0},"end":{"line":10,"column":18}},"10":{"start":{"line":11,"column":0},"end":{"line":11,"column":4}},"11":{"start":{"line":12,"column":0},"end":{"line":12,"column":14}},"12":{"start":{"line":13,"column":0},"end":{"line":13,"column":30}},"13":{"start":{"line":14,"column":0},"end":{"line":14,"column":17}},"14":{"start":{"line":15,"column":0},"end":{"line":15,"column":20}},"15":{"start":{"line":16,"column":0},"end":{"line":16,"column":7}},"16":{"start":{"line":17,"column":0},"end":{"line":17,"column":6}},"17":{"start":{"line":18,"column":0},"end":{"line":18,"column":4}},"18":{"start":{"line":19,"column":0},"end":{"line":19,"column":24}},"19":{"start":{"line":20,"column":0},"end":{"line":20,"column":18}},"20":{"start":{"line":21,"column":0},"end":{"line":21,"column":21}},"21":{"start":{"line":22,"column":0},"end":{"line":22,"column":24}},"22":{"start":{"line":23,"column":0},"end":{"line":23,"column":24}},"23":{"start":{"line":24,"column":0},"end":{"line":24,"column":24}},"24":{"start":{"line":25,"column":0},"end":{"line":25,"column":20}},"25":{"start":{"line":26,"column":0},"end":{"line":26,"column":19}},"26":{"start":{"line":27,"column":0},"end":{"line":27,"column":4}},"27":{"start":{"line":28,"column":0},"end":{"line":28,"column":22}},"28":{"start":{"line":29,"column":0},"end":{"line":29,"column":13}},"29":{"start":{"line":30,"column":0},"end":{"line":30,"column":20}},"30":{"start":{"line":31,"column":0},"end":{"line":31,"column":21}},"31":{"start":{"line":32,"column":0},"end":{"line":32,"column":17}},"32":{"start":{"line":33,"column":0},"end":{"line":33,"column":21}},"33":{"start":{"line":34,"column":0},"end":{"line":34,"column":5}},"34":{"start":{"line":35,"column":0},"end":{"line":35,"column":4}},"35":{"start":{"line":36,"column":0},"end":{"line":36,"column":32}},"36":{"start":{"line":37,"column":0},"end":{"line":37,"column":22}},"37":{"start":{"line":38,"column":0},"end":{"line":38,"column":11}},"38":{"start":{"line":39,"column":0},"end":{"line":39,"column":19}},"39":{"start":{"line":40,"column":0},"end":{"line":40,"column":11}},"40":{"start":{"line":41,"column":0},"end":{"line":41,"column":11}},"41":{"start":{"line":42,"column":0},"end":{"line":42,"column":10}},"42":{"start":{"line":43,"column":0},"end":{"line":43,"column":4}},"43":{"start":{"line":44,"column":0},"end":{"line":44,"column":21}},"44":{"start":{"line":45,"column":0},"end":{"line":45,"column":35}},"45":{"start":{"line":46,"column":0},"end":{"line":46,"column":52}},"46":{"start":{"line":47,"column":0},"end":{"line":47,"column":58}},"47":{"start":{"line":48,"column":0},"end":{"line":48,"column":56}},"48":{"start":{"line":49,"column":0},"end":{"line":49,"column":46}},"49":{"start":{"line":50,"column":0},"end":{"line":50,"column":45}},"50":{"start":{"line":51,"column":0},"end":{"line":51,"column":4}},"51":{"start":{"line":52,"column":0},"end":{"line":52,"column":59}},"52":{"start":{"line":53,"column":0},"end":{"line":53,"column":21}},"53":{"start":{"line":54,"column":0},"end":{"line":54,"column":16}},"54":{"start":{"line":55,"column":0},"end":{"line":55,"column":19}},"55":{"start":{"line":56,"column":0},"end":{"line":56,"column":21}},"56":{"start":{"line":57,"column":0},"end":{"line":57,"column":19}},"57":{"start":{"line":58,"column":0},"end":{"line":58,"column":20}},"58":{"start":{"line":59,"column":0},"end":{"line":59,"column":26}},"59":{"start":{"line":60,"column":0},"end":{"line":60,"column":26}},"60":{"start":{"line":61,"column":0},"end":{"line":61,"column":17}},"61":{"start":{"line":62,"column":0},"end":{"line":62,"column":2}}},"s":{"0":0,"1":0,"2":0,"3":0,"4":0,"5":0,"6":0,"7":0,"8":0,"9":0,"10":0,"11":0,"12":0,"13":0,"14":0,"15":0,"16":0,"17":0,"18":0,"19":0,"20":0,"21":0,"22":0,"23":0,"24":0,"25":0,"26":0,"27":0,"28":0,"29":0,"30":0,"31":0,"32":0,"33":0,"34":0,"35":0,"36":0,"37":0,"38":0,"39":0,"40":0,"41":0,"42":0,"43":0,"44":0,"45":0,"46":0,"47":0,"48":0,"49":0,"50":0,"51":0,"52":0,"53":0,"54":0,"55":0,"56":0,"57":0,"58":0,"59":0,"60":0,"61":0},"branchMap":{"0":{"type":"branch","line":1,"loc":{"start":{"line":1,"column":0},"end":{"line":62,"column":2}},"locations":[{"start":{"line":1,"column":0},"end":{"line":62,"column":2}}]}},"b":{"0":[0]},"fnMap":{"0":{"name":"(empty-report)","decl":{"start":{"line":1,"column":0},"end":{"line":62,"column":2}},"loc":{"start":{"line":1,"column":0},"end":{"line":62,"column":2}},"line":1}},"f":{"0":0}}
,"/Users/chrisdukes/Desktop/projects/vibestack-improved/vibestack/vibestack-api/src/index.ts": {"path":"/Users/chrisdukes/Desktop/projects/vibestack-improved/vibestack/vibestack-api/src/index.ts","all":true,"statementMap":{"0":{"start":{"line":1,"column":0},"end":{"line":1,"column":28}},"3":{"start":{"line":4,"column":0},"end":{"line":4,"column":16}},"6":{"start":{"line":7,"column":0},"end":{"line":7,"column":41}},"7":{"start":{"line":8,"column":0},"end":{"line":8,"column":7}},"8":{"start":{"line":9,"column":0},"end":{"line":9,"column":47}},"9":{"start":{"line":10,"column":0},"end":{"line":10,"column":65}},"11":{"start":{"line":12,"column":0},"end":{"line":12,"column":45}},"12":{"start":{"line":13,"column":0},"end":{"line":13,"column":47}},"13":{"start":{"line":14,"column":0},"end":{"line":14,"column":33}},"19":{"start":{"line":20,"column":0},"end":{"line":20,"column":19}},"20":{"start":{"line":21,"column":0},"end":{"line":21,"column":57}},"21":{"start":{"line":22,"column":0},"end":{"line":22,"column":20}},"22":{"start":{"line":23,"column":0},"end":{"line":23,"column":3}},"23":{"start":{"line":24,"column":0},"end":{"line":24,"column":2}},"26":{"start":{"line":27,"column":0},"end":{"line":27,"column":12}}},"s":{"0":0,"3":0,"6":0,"7":0,"8":0,"9":0,"11":0,"12":0,"13":0,"19":0,"20":0,"21":0,"22":0,"23":0,"26":0},"branchMap":{"0":{"type":"branch","line":1,"loc":{"start":{"line":1,"column":666},"end":{"line":27,"column":12}},"locations":[{"start":{"line":1,"column":666},"end":{"line":27,"column":12}}]}},"b":{"0":[0]},"fnMap":{"0":{"name":"(empty-report)","decl":{"start":{"line":1,"column":666},"end":{"line":27,"column":12}},"loc":{"start":{"line":1,"column":666},"end":{"line":27,"column":12}},"line":1}},"f":{"0":0}}
,"/Users/chrisdukes/Desktop/projects/vibestack-improved/vibestack/vibestack-api/src/server.ts": {"path":"/Users/chrisdukes/Desktop/projects/vibestack-improved/vibestack/vibestack-api/src/server.ts","all":true,"statementMap":{"0":{"start":{"line":1,"column":0},"end":{"line":1,"column":23}},"1":{"start":{"line":2,"column":0},"end":{"line":2,"column":24}},"2":{"start":{"line":3,"column":0},"end":{"line":3,"column":45}},"4":{"start":{"line":5,"column":0},"end":{"line":5,"column":38}},"5":{"start":{"line":6,"column":0},"end":{"line":6,"column":55}},"8":{"start":{"line":9,"column":0},"end":{"line":9,"column":16}},"10":{"start":{"line":11,"column":0},"end":{"line":11,"column":33}},"11":{"start":{"line":12,"column":0},"end":{"line":12,"column":7}},"13":{"start":{"line":14,"column":0},"end":{"line":14,"column":55}},"14":{"start":{"line":15,"column":0},"end":{"line":15,"column":16}},"15":{"start":{"line":16,"column":0},"end":{"line":16,"column":61}},"16":{"start":{"line":17,"column":0},"end":{"line":17,"column":22}},"17":{"start":{"line":18,"column":0},"end":{"line":18,"column":5}},"20":{"start":{"line":21,"column":0},"end":{"line":21,"column":37}},"21":{"start":{"line":22,"column":0},"end":{"line":22,"column":19}},"24":{"start":{"line":25,"column":0},"end":{"line":25,"column":27}},"25":{"start":{"line":26,"column":0},"end":{"line":26,"column":32}},"26":{"start":{"line":27,"column":0},"end":{"line":27,"column":36}},"27":{"start":{"line":28,"column":0},"end":{"line":28,"column":46}},"29":{"start":{"line":30,"column":0},"end":{"line":30,"column":9}},"30":{"start":{"line":31,"column":0},"end":{"line":31,"column":7}},"33":{"start":{"line":34,"column":0},"end":{"line":34,"column":36}},"34":{"start":{"line":35,"column":0},"end":{"line":35,"column":35}},"35":{"start":{"line":36,"column":0},"end":{"line":36,"column":19}},"36":{"start":{"line":37,"column":0},"end":{"line":37,"column":52}},"37":{"start":{"line":38,"column":0},"end":{"line":38,"column":20}},"38":{"start":{"line":39,"column":0},"end":{"line":39,"column":3}},"39":{"start":{"line":40,"column":0},"end":{"line":40,"column":2}},"41":{"start":{"line":42,"column":0},"end":{"line":42,"column":27}},"42":{"start":{"line":43,"column":0},"end":{"line":43,"column":50}},"44":{"start":{"line":45,"column":0},"end":{"line":45,"column":15}},"45":{"start":{"line":46,"column":0},"end":{"line":46,"column":24}},"46":{"start":{"line":47,"column":0},"end":{"line":47,"column":37}},"47":{"start":{"line":48,"column":0},"end":{"line":48,"column":22}},"48":{"start":{"line":49,"column":0},"end":{"line":49,"column":7}},"51":{"start":{"line":52,"column":0},"end":{"line":52,"column":22}},"52":{"start":{"line":53,"column":0},"end":{"line":53,"column":55}},"53":{"start":{"line":54,"column":0},"end":{"line":54,"column":22}},"54":{"start":{"line":55,"column":0},"end":{"line":55,"column":14}},"55":{"start":{"line":56,"column":0},"end":{"line":56,"column":10}},"56":{"start":{"line":57,"column":0},"end":{"line":57,"column":20}},"57":{"start":{"line":58,"column":0},"end":{"line":58,"column":3}},"58":{"start":{"line":59,"column":0},"end":{"line":59,"column":1}},"61":{"start":{"line":62,"column":0},"end":{"line":62,"column":14}}},"s":{"0":0,"1":0,"2":0,"4":0,"5":0,"8":0,"10":0,"11":0,"13":0,"14":0,"15":0,"16":0,"17":0,"20":0,"21":0,"24":0,"25":0,"26":0,"27":0,"29":0,"30":0,"33":0,"34":0,"35":0,"36":0,"37":0,"38":0,"39":0,"41":0,"42":0,"44":0,"45":0,"46":0,"47":0,"48":0,"51":0,"52":0,"53":0,"54":0,"55":0,"56":0,"57":0,"58":0,"61":0},"branchMap":{"0":{"type":"branch","line":1,"loc":{"start":{"line":1,"column":0},"end":{"line":62,"column":-83}},"locations":[{"start":{"line":1,"column":0},"end":{"line":62,"column":-83}}]}},"b":{"0":[0]},"fnMap":{"0":{"name":"(empty-report)","decl":{"start":{"line":1,"column":0},"end":{"line":62,"column":-83}},"loc":{"start":{"line":1,"column":0},"end":{"line":62,"column":-83}},"line":1}},"f":{"0":0}}
,"/Users/chrisdukes/Desktop/projects/vibestack-improved/vibestack/vibestack-api/src/api/index.ts": {"path":"/Users/chrisdukes/Desktop/projects/vibestack-improved/vibestack/vibestack-api/src/api/index.ts","all":true,"statementMap":{"0":{"start":{"line":1,"column":0},"end":{"line":1,"column":80}},"1":{"start":{"line":2,"column":0},"end":{"line":2,"column":24}},"2":{"start":{"line":3,"column":0},"end":{"line":3,"column":28}},"3":{"start":{"line":4,"column":0},"end":{"line":4,"column":28}},"4":{"start":{"line":5,"column":0},"end":{"line":5,"column":38}},"5":{"start":{"line":6,"column":0},"end":{"line":6,"column":30}},"6":{"start":{"line":7,"column":0},"end":{"line":7,"column":80}},"7":{"start":{"line":8,"column":0},"end":{"line":8,"column":84}},"8":{"start":{"line":9,"column":0},"end":{"line":9,"column":82}},"11":{"start":{"line":12,"column":0},"end":{"line":12,"column":35}},"14":{"start":{"line":15,"column":0},"end":{"line":15,"column":29}},"17":{"start":{"line":18,"column":0},"end":{"line":18,"column":38}},"18":{"start":{"line":19,"column":0},"end":{"line":19,"column":14}},"19":{"start":{"line":20,"column":0},"end":{"line":20,"column":79}},"20":{"start":{"line":21,"column":0},"end":{"line":21,"column":20}},"21":{"start":{"line":22,"column":0},"end":{"line":22,"column":4}},"22":{"start":{"line":23,"column":0},"end":{"line":23,"column":45}},"23":{"start":{"line":24,"column":0},"end":{"line":24,"column":62}},"24":{"start":{"line":25,"column":0},"end":{"line":25,"column":76}},"27":{"start":{"line":28,"column":0},"end":{"line":28,"column":38}},"28":{"start":{"line":29,"column":0},"end":{"line":29,"column":30}},"29":{"start":{"line":30,"column":0},"end":{"line":30,"column":1}},"32":{"start":{"line":33,"column":0},"end":{"line":33,"column":35}},"35":{"start":{"line":36,"column":0},"end":{"line":36,"column":34}},"38":{"start":{"line":39,"column":0},"end":{"line":39,"column":24}},"41":{"start":{"line":42,"column":0},"end":{"line":42,"column":42}},"42":{"start":{"line":43,"column":0},"end":{"line":43,"column":24}},"43":{"start":{"line":44,"column":0},"end":{"line":44,"column":19}},"44":{"start":{"line":45,"column":0},"end":{"line":45,"column":12}},"45":{"start":{"line":46,"column":0},"end":{"line":46,"column":24}},"46":{"start":{"line":47,"column":0},"end":{"line":47,"column":54}},"47":{"start":{"line":48,"column":0},"end":{"line":48,"column":6}},"48":{"start":{"line":49,"column":0},"end":{"line":49,"column":5}},"49":{"start":{"line":50,"column":0},"end":{"line":50,"column":3}},"52":{"start":{"line":53,"column":0},"end":{"line":53,"column":33}},"55":{"start":{"line":56,"column":0},"end":{"line":56,"column":19}}},"s":{"0":0,"1":0,"2":0,"3":0,"4":0,"5":0,"6":0,"7":0,"8":0,"11":0,"14":0,"17":0,"18":0,"19":0,"20":0,"21":0,"22":0,"23":0,"24":0,"27":0,"28":0,"29":0,"32":0,"35":0,"38":0,"41":0,"42":0,"43":0,"44":0,"45":0,"46":0,"47":0,"48":0,"49":0,"52":0,"55":0},"branchMap":{"0":{"type":"branch","line":1,"loc":{"start":{"line":1,"column":1601},"end":{"line":56,"column":19}},"locations":[{"start":{"line":1,"column":1601},"end":{"line":56,"column":19}}]}},"b":{"0":[0]},"fnMap":{"0":{"name":"(empty-report)","decl":{"start":{"line":1,"column":1601},"end":{"line":56,"column":19}},"loc":{"start":{"line":1,"column":1601},"end":{"line":56,"column":19}},"line":1}},"f":{"0":0}}
,"/Users/chrisdukes/Desktop/projects/vibestack-improved/vibestack/vibestack-api/src/api/routes/analyticsRoutes.ts": {"path":"/Users/chrisdukes/Desktop/projects/vibestack-improved/vibestack/vibestack-api/src/api/routes/analyticsRoutes.ts","all":false,"statementMap":{"0":{"start":{"line":1,"column":0},"end":{"line":1,"column":66}},"1":{"start":{"line":2,"column":0},"end":{"line":2,"column":50}},"2":{"start":{"line":3,"column":0},"end":{"line":3,"column":98}},"3":{"start":{"line":4,"column":0},"end":{"line":4,"column":81}},"5":{"start":{"line":6,"column":0},"end":{"line":6,"column":49}},"6":{"start":{"line":7,"column":0},"end":{"line":7,"column":24}},"8":{"start":{"line":9,"column":0},"end":{"line":9,"column":24}},"9":{"start":{"line":10,"column":0},"end":{"line":10,"column":56}},"12":{"start":{"line":13,"column":0},"end":{"line":13,"column":34}},"13":{"start":{"line":14,"column":0},"end":{"line":14,"column":57}},"14":{"start":{"line":15,"column":0},"end":{"line":15,"column":3}},"16":{"start":{"line":17,"column":0},"end":{"line":17,"column":34}},"17":{"start":{"line":18,"column":0},"end":{"line":18,"column":64}},"18":{"start":{"line":19,"column":0},"end":{"line":19,"column":62}},"19":{"start":{"line":20,"column":0},"end":{"line":20,"column":3}},"21":{"start":{"line":22,"column":0},"end":{"line":22,"column":33}},"22":{"start":{"line":23,"column":0},"end":{"line":23,"column":100}},"23":{"start":{"line":24,"column":0},"end":{"line":24,"column":57}},"24":{"start":{"line":25,"column":0},"end":{"line":25,"column":3}},"26":{"start":{"line":27,"column":0},"end":{"line":27,"column":34}},"27":{"start":{"line":28,"column":0},"end":{"line":28,"column":75}},"28":{"start":{"line":29,"column":0},"end":{"line":29,"column":57}},"29":{"start":{"line":30,"column":0},"end":{"line":30,"column":3}},"31":{"start":{"line":32,"column":0},"end":{"line":32,"column":31}},"32":{"start":{"line":33,"column":0},"end":{"line":33,"column":66}},"33":{"start":{"line":34,"column":0},"end":{"line":34,"column":65}},"34":{"start":{"line":35,"column":0},"end":{"line":35,"column":3}},"36":{"start":{"line":37,"column":0},"end":{"line":37,"column":31}},"37":{"start":{"line":38,"column":0},"end":{"line":38,"column":52}},"38":{"start":{"line":39,"column":0},"end":{"line":39,"column":57}},"39":{"start":{"line":40,"column":0},"end":{"line":40,"column":49}},"40":{"start":{"line":41,"column":0},"end":{"line":41,"column":3}},"42":{"start":{"line":43,"column":0},"end":{"line":43,"column":33}},"43":{"start":{"line":44,"column":0},"end":{"line":44,"column":87}},"44":{"start":{"line":45,"column":0},"end":{"line":45,"column":53}},"45":{"start":{"line":46,"column":0},"end":{"line":46,"column":3}},"47":{"start":{"line":48,"column":0},"end":{"line":48,"column":35}},"48":{"start":{"line":49,"column":0},"end":{"line":49,"column":43}},"49":{"start":{"line":50,"column":0},"end":{"line":50,"column":111}},"50":{"start":{"line":51,"column":0},"end":{"line":51,"column":3}},"53":{"start":{"line":54,"column":0},"end":{"line":54,"column":57}},"54":{"start":{"line":55,"column":0},"end":{"line":55,"column":45}},"55":{"start":{"line":56,"column":0},"end":{"line":56,"column":22}},"56":{"start":{"line":57,"column":0},"end":{"line":57,"column":19}},"57":{"start":{"line":58,"column":0},"end":{"line":58,"column":19}},"58":{"start":{"line":59,"column":0},"end":{"line":59,"column":25}},"59":{"start":{"line":60,"column":0},"end":{"line":60,"column":26}},"60":{"start":{"line":61,"column":0},"end":{"line":61,"column":29}},"61":{"start":{"line":62,"column":0},"end":{"line":62,"column":4}},"62":{"start":{"line":63,"column":0},"end":{"line":63,"column":32}},"63":{"start":{"line":64,"column":0},"end":{"line":64,"column":2}},"66":{"start":{"line":67,"column":0},"end":{"line":67,"column":11}},"67":{"start":{"line":68,"column":0},"end":{"line":68,"column":15}},"68":{"start":{"line":69,"column":0},"end":{"line":69,"column":27}},"69":{"start":{"line":70,"column":0},"end":{"line":70,"column":66}},"70":{"start":{"line":71,"column":0},"end":{"line":71,"column":9}},"72":{"start":{"line":73,"column":0},"end":{"line":73,"column":62}},"74":{"start":{"line":75,"column":0},"end":{"line":75,"column":32}},"75":{"start":{"line":76,"column":0},"end":{"line":76,"column":37}},"76":{"start":{"line":77,"column":0},"end":{"line":77,"column":25}},"77":{"start":{"line":78,"column":0},"end":{"line":78,"column":18}},"78":{"start":{"line":79,"column":0},"end":{"line":79,"column":37}},"79":{"start":{"line":80,"column":0},"end":{"line":80,"column":48}},"80":{"start":{"line":81,"column":0},"end":{"line":81,"column":45}},"81":{"start":{"line":82,"column":0},"end":{"line":82,"column":12}},"82":{"start":{"line":83,"column":0},"end":{"line":83,"column":11}},"83":{"start":{"line":84,"column":0},"end":{"line":84,"column":7}},"85":{"start":{"line":86,"column":0},"end":{"line":86,"column":62}},"86":{"start":{"line":87,"column":0},"end":{"line":87,"column":21}},"87":{"start":{"line":88,"column":0},"end":{"line":88,"column":23}},"88":{"start":{"line":89,"column":0},"end":{"line":89,"column":8}},"90":{"start":{"line":91,"column":0},"end":{"line":91,"column":27}},"91":{"start":{"line":92,"column":0},"end":{"line":92,"column":37}},"92":{"start":{"line":93,"column":0},"end":{"line":93,"column":14}},"93":{"start":{"line":94,"column":0},"end":{"line":94,"column":65}},"94":{"start":{"line":95,"column":0},"end":{"line":95,"column":40}},"95":{"start":{"line":96,"column":0},"end":{"line":96,"column":7}},"96":{"start":{"line":97,"column":0},"end":{"line":97,"column":21}},"97":{"start":{"line":98,"column":0},"end":{"line":98,"column":18}},"98":{"start":{"line":99,"column":0},"end":{"line":99,"column":5}},"99":{"start":{"line":100,"column":0},"end":{"line":100,"column":3}},"100":{"start":{"line":101,"column":0},"end":{"line":101,"column":2}},"103":{"start":{"line":104,"column":0},"end":{"line":104,"column":11}},"104":{"start":{"line":105,"column":0},"end":{"line":105,"column":21}},"105":{"start":{"line":106,"column":0},"end":{"line":106,"column":27}},"106":{"start":{"line":107,"column":0},"end":{"line":107,"column":66}},"107":{"start":{"line":108,"column":0},"end":{"line":108,"column":9}},"109":{"start":{"line":110,"column":0},"end":{"line":110,"column":62}},"111":{"start":{"line":112,"column":0},"end":{"line":112,"column":32}},"112":{"start":{"line":113,"column":0},"end":{"line":113,"column":37}},"113":{"start":{"line":114,"column":0},"end":{"line":114,"column":25}},"114":{"start":{"line":115,"column":0},"end":{"line":115,"column":18}},"115":{"start":{"line":116,"column":0},"end":{"line":116,"column":37}},"116":{"start":{"line":117,"column":0},"end":{"line":117,"column":48}},"117":{"start":{"line":118,"column":0},"end":{"line":118,"column":45}},"118":{"start":{"line":119,"column":0},"end":{"line":119,"column":12}},"119":{"start":{"line":120,"column":0},"end":{"line":120,"column":11}},"120":{"start":{"line":121,"column":0},"end":{"line":121,"column":7}},"122":{"start":{"line":123,"column":0},"end":{"line":123,"column":62}},"123":{"start":{"line":124,"column":0},"end":{"line":124,"column":27}},"124":{"start":{"line":125,"column":0},"end":{"line":125,"column":21}},"125":{"start":{"line":126,"column":0},"end":{"line":126,"column":23}},"126":{"start":{"line":127,"column":0},"end":{"line":127,"column":8}},"128":{"start":{"line":129,"column":0},"end":{"line":129,"column":27}},"129":{"start":{"line":130,"column":0},"end":{"line":130,"column":37}},"130":{"start":{"line":131,"column":0},"end":{"line":131,"column":14}},"131":{"start":{"line":132,"column":0},"end":{"line":132,"column":65}},"132":{"start":{"line":133,"column":0},"end":{"line":133,"column":40}},"133":{"start":{"line":134,"column":0},"end":{"line":134,"column":7}},"134":{"start":{"line":135,"column":0},"end":{"line":135,"column":21}},"135":{"start":{"line":136,"column":0},"end":{"line":136,"column":18}},"136":{"start":{"line":137,"column":0},"end":{"line":137,"column":5}},"137":{"start":{"line":138,"column":0},"end":{"line":138,"column":3}},"138":{"start":{"line":139,"column":0},"end":{"line":139,"column":2}},"141":{"start":{"line":142,"column":0},"end":{"line":142,"column":11}},"142":{"start":{"line":143,"column":0},"end":{"line":143,"column":16}},"143":{"start":{"line":144,"column":0},"end":{"line":144,"column":27}},"144":{"start":{"line":145,"column":0},"end":{"line":145,"column":66}},"145":{"start":{"line":146,"column":0},"end":{"line":146,"column":9}},"147":{"start":{"line":148,"column":0},"end":{"line":148,"column":61}},"149":{"start":{"line":150,"column":0},"end":{"line":150,"column":32}},"150":{"start":{"line":151,"column":0},"end":{"line":151,"column":37}},"151":{"start":{"line":152,"column":0},"end":{"line":152,"column":25}},"152":{"start":{"line":153,"column":0},"end":{"line":153,"column":18}},"153":{"start":{"line":154,"column":0},"end":{"line":154,"column":37}},"154":{"start":{"line":155,"column":0},"end":{"line":155,"column":48}},"155":{"start":{"line":156,"column":0},"end":{"line":156,"column":45}},"156":{"start":{"line":157,"column":0},"end":{"line":157,"column":12}},"157":{"start":{"line":158,"column":0},"end":{"line":158,"column":11}},"158":{"start":{"line":159,"column":0},"end":{"line":159,"column":7}},"160":{"start":{"line":161,"column":0},"end":{"line":161,"column":65}},"161":{"start":{"line":162,"column":0},"end":{"line":162,"column":21}},"162":{"start":{"line":163,"column":0},"end":{"line":163,"column":23}},"163":{"start":{"line":164,"column":0},"end":{"line":164,"column":8}},"165":{"start":{"line":166,"column":0},"end":{"line":166,"column":27}},"166":{"start":{"line":167,"column":0},"end":{"line":167,"column":37}},"167":{"start":{"line":168,"column":0},"end":{"line":168,"column":14}},"168":{"start":{"line":169,"column":0},"end":{"line":169,"column":65}},"169":{"start":{"line":170,"column":0},"end":{"line":170,"column":40}},"170":{"start":{"line":171,"column":0},"end":{"line":171,"column":7}},"171":{"start":{"line":172,"column":0},"end":{"line":172,"column":21}},"172":{"start":{"line":173,"column":0},"end":{"line":173,"column":18}},"173":{"start":{"line":174,"column":0},"end":{"line":174,"column":5}},"174":{"start":{"line":175,"column":0},"end":{"line":175,"column":3}},"175":{"start":{"line":176,"column":0},"end":{"line":176,"column":2}},"178":{"start":{"line":179,"column":0},"end":{"line":179,"column":11}},"179":{"start":{"line":180,"column":0},"end":{"line":180,"column":16}},"180":{"start":{"line":181,"column":0},"end":{"line":181,"column":27}},"181":{"start":{"line":182,"column":0},"end":{"line":182,"column":66}},"182":{"start":{"line":183,"column":0},"end":{"line":183,"column":9}},"184":{"start":{"line":185,"column":0},"end":{"line":185,"column":62}},"186":{"start":{"line":187,"column":0},"end":{"line":187,"column":32}},"187":{"start":{"line":188,"column":0},"end":{"line":188,"column":37}},"188":{"start":{"line":189,"column":0},"end":{"line":189,"column":25}},"189":{"start":{"line":190,"column":0},"end":{"line":190,"column":18}},"190":{"start":{"line":191,"column":0},"end":{"line":191,"column":37}},"191":{"start":{"line":192,"column":0},"end":{"line":192,"column":48}},"192":{"start":{"line":193,"column":0},"end":{"line":193,"column":45}},"193":{"start":{"line":194,"column":0},"end":{"line":194,"column":12}},"194":{"start":{"line":195,"column":0},"end":{"line":195,"column":11}},"195":{"start":{"line":196,"column":0},"end":{"line":196,"column":7}},"197":{"start":{"line":198,"column":0},"end":{"line":198,"column":66}},"198":{"start":{"line":199,"column":0},"end":{"line":199,"column":21}},"199":{"start":{"line":200,"column":0},"end":{"line":200,"column":23}},"200":{"start":{"line":201,"column":0},"end":{"line":201,"column":8}},"202":{"start":{"line":203,"column":0},"end":{"line":203,"column":27}},"203":{"start":{"line":204,"column":0},"end":{"line":204,"column":37}},"204":{"start":{"line":205,"column":0},"end":{"line":205,"column":14}},"205":{"start":{"line":206,"column":0},"end":{"line":206,"column":65}},"206":{"start":{"line":207,"column":0},"end":{"line":207,"column":40}},"207":{"start":{"line":208,"column":0},"end":{"line":208,"column":7}},"208":{"start":{"line":209,"column":0},"end":{"line":209,"column":21}},"209":{"start":{"line":210,"column":0},"end":{"line":210,"column":18}},"210":{"start":{"line":211,"column":0},"end":{"line":211,"column":5}},"211":{"start":{"line":212,"column":0},"end":{"line":212,"column":3}},"212":{"start":{"line":213,"column":0},"end":{"line":213,"column":2}},"215":{"start":{"line":216,"column":0},"end":{"line":216,"column":11}},"216":{"start":{"line":217,"column":0},"end":{"line":217,"column":13}},"217":{"start":{"line":218,"column":0},"end":{"line":218,"column":27}},"218":{"start":{"line":219,"column":0},"end":{"line":219,"column":66}},"219":{"start":{"line":220,"column":0},"end":{"line":220,"column":9}},"220":{"start":{"line":221,"column":0},"end":{"line":221,"column":77}},"222":{"start":{"line":223,"column":0},"end":{"line":223,"column":27}},"223":{"start":{"line":224,"column":0},"end":{"line":224,"column":37}},"224":{"start":{"line":225,"column":0},"end":{"line":225,"column":14}},"225":{"start":{"line":226,"column":0},"end":{"line":226,"column":65}},"226":{"start":{"line":227,"column":0},"end":{"line":227,"column":40}},"227":{"start":{"line":228,"column":0},"end":{"line":228,"column":7}},"228":{"start":{"line":229,"column":0},"end":{"line":229,"column":21}},"229":{"start":{"line":230,"column":0},"end":{"line":230,"column":18}},"230":{"start":{"line":231,"column":0},"end":{"line":231,"column":5}},"231":{"start":{"line":232,"column":0},"end":{"line":232,"column":3}},"232":{"start":{"line":233,"column":0},"end":{"line":233,"column":2}},"235":{"start":{"line":236,"column":0},"end":{"line":236,"column":11}},"236":{"start":{"line":237,"column":0},"end":{"line":237,"column":12}},"237":{"start":{"line":238,"column":0},"end":{"line":238,"column":27}},"238":{"start":{"line":239,"column":0},"end":{"line":239,"column":66}},"239":{"start":{"line":240,"column":0},"end":{"line":240,"column":9}},"241":{"start":{"line":242,"column":0},"end":{"line":242,"column":59}},"243":{"start":{"line":244,"column":0},"end":{"line":244,"column":32}},"244":{"start":{"line":245,"column":0},"end":{"line":245,"column":37}},"245":{"start":{"line":246,"column":0},"end":{"line":246,"column":25}},"246":{"start":{"line":247,"column":0},"end":{"line":247,"column":18}},"247":{"start":{"line":248,"column":0},"end":{"line":248,"column":37}},"248":{"start":{"line":249,"column":0},"end":{"line":249,"column":48}},"249":{"start":{"line":250,"column":0},"end":{"line":250,"column":45}},"250":{"start":{"line":251,"column":0},"end":{"line":251,"column":12}},"251":{"start":{"line":252,"column":0},"end":{"line":252,"column":11}},"252":{"start":{"line":253,"column":0},"end":{"line":253,"column":7}},"254":{"start":{"line":255,"column":0},"end":{"line":255,"column":64}},"255":{"start":{"line":256,"column":0},"end":{"line":256,"column":21}},"256":{"start":{"line":257,"column":0},"end":{"line":257,"column":23}},"257":{"start":{"line":258,"column":0},"end":{"line":258,"column":8}},"259":{"start":{"line":260,"column":0},"end":{"line":260,"column":27}},"260":{"start":{"line":261,"column":0},"end":{"line":261,"column":37}},"261":{"start":{"line":262,"column":0},"end":{"line":262,"column":14}},"262":{"start":{"line":263,"column":0},"end":{"line":263,"column":65}},"263":{"start":{"line":264,"column":0},"end":{"line":264,"column":40}},"264":{"start":{"line":265,"column":0},"end":{"line":265,"column":7}},"265":{"start":{"line":266,"column":0},"end":{"line":266,"column":21}},"266":{"start":{"line":267,"column":0},"end":{"line":267,"column":18}},"267":{"start":{"line":268,"column":0},"end":{"line":268,"column":5}},"268":{"start":{"line":269,"column":0},"end":{"line":269,"column":3}},"269":{"start":{"line":270,"column":0},"end":{"line":270,"column":2}},"272":{"start":{"line":273,"column":0},"end":{"line":273,"column":11}},"273":{"start":{"line":274,"column":0},"end":{"line":274,"column":12}},"274":{"start":{"line":275,"column":0},"end":{"line":275,"column":27}},"275":{"start":{"line":276,"column":0},"end":{"line":276,"column":95}},"276":{"start":{"line":277,"column":0},"end":{"line":277,"column":66}},"277":{"start":{"line":278,"column":0},"end":{"line":278,"column":9}},"279":{"start":{"line":280,"column":0},"end":{"line":280,"column":59}},"281":{"start":{"line":282,"column":0},"end":{"line":282,"column":32}},"282":{"start":{"line":283,"column":0},"end":{"line":283,"column":37}},"283":{"start":{"line":284,"column":0},"end":{"line":284,"column":25}},"284":{"start":{"line":285,"column":0},"end":{"line":285,"column":18}},"285":{"start":{"line":286,"column":0},"end":{"line":286,"column":37}},"286":{"start":{"line":287,"column":0},"end":{"line":287,"column":48}},"287":{"start":{"line":288,"column":0},"end":{"line":288,"column":45}},"288":{"start":{"line":289,"column":0},"end":{"line":289,"column":12}},"289":{"start":{"line":290,"column":0},"end":{"line":290,"column":11}},"290":{"start":{"line":291,"column":0},"end":{"line":291,"column":7}},"292":{"start":{"line":293,"column":0},"end":{"line":293,"column":60}},"293":{"start":{"line":294,"column":0},"end":{"line":294,"column":21}},"294":{"start":{"line":295,"column":0},"end":{"line":295,"column":23}},"295":{"start":{"line":296,"column":0},"end":{"line":296,"column":8}},"297":{"start":{"line":298,"column":0},"end":{"line":298,"column":27}},"298":{"start":{"line":299,"column":0},"end":{"line":299,"column":37}},"299":{"start":{"line":300,"column":0},"end":{"line":300,"column":14}},"300":{"start":{"line":301,"column":0},"end":{"line":301,"column":65}},"301":{"start":{"line":302,"column":0},"end":{"line":302,"column":40}},"302":{"start":{"line":303,"column":0},"end":{"line":303,"column":7}},"303":{"start":{"line":304,"column":0},"end":{"line":304,"column":21}},"304":{"start":{"line":305,"column":0},"end":{"line":305,"column":18}},"305":{"start":{"line":306,"column":0},"end":{"line":306,"column":5}},"306":{"start":{"line":307,"column":0},"end":{"line":307,"column":3}},"307":{"start":{"line":308,"column":0},"end":{"line":308,"column":2}},"310":{"start":{"line":311,"column":0},"end":{"line":311,"column":11}},"311":{"start":{"line":312,"column":0},"end":{"line":312,"column":14}},"312":{"start":{"line":313,"column":0},"end":{"line":313,"column":27}},"313":{"start":{"line":314,"column":0},"end":{"line":314,"column":96}},"314":{"start":{"line":315,"column":0},"end":{"line":315,"column":66}},"315":{"start":{"line":316,"column":0},"end":{"line":316,"column":9}},"317":{"start":{"line":318,"column":0},"end":{"line":318,"column":61}},"319":{"start":{"line":320,"column":0},"end":{"line":320,"column":32}},"320":{"start":{"line":321,"column":0},"end":{"line":321,"column":37}},"321":{"start":{"line":322,"column":0},"end":{"line":322,"column":25}},"322":{"start":{"line":323,"column":0},"end":{"line":323,"column":18}},"323":{"start":{"line":324,"column":0},"end":{"line":324,"column":37}},"324":{"start":{"line":325,"column":0},"end":{"line":325,"column":48}},"325":{"start":{"line":326,"column":0},"end":{"line":326,"column":45}},"326":{"start":{"line":327,"column":0},"end":{"line":327,"column":12}},"327":{"start":{"line":328,"column":0},"end":{"line":328,"column":11}},"328":{"start":{"line":329,"column":0},"end":{"line":329,"column":7}},"330":{"start":{"line":331,"column":0},"end":{"line":331,"column":56}},"331":{"start":{"line":332,"column":0},"end":{"line":332,"column":21}},"332":{"start":{"line":333,"column":0},"end":{"line":333,"column":23}},"333":{"start":{"line":334,"column":0},"end":{"line":334,"column":8}},"335":{"start":{"line":336,"column":0},"end":{"line":336,"column":27}},"336":{"start":{"line":337,"column":0},"end":{"line":337,"column":37}},"337":{"start":{"line":338,"column":0},"end":{"line":338,"column":14}},"338":{"start":{"line":339,"column":0},"end":{"line":339,"column":65}},"339":{"start":{"line":340,"column":0},"end":{"line":340,"column":40}},"340":{"start":{"line":341,"column":0},"end":{"line":341,"column":7}},"341":{"start":{"line":342,"column":0},"end":{"line":342,"column":21}},"342":{"start":{"line":343,"column":0},"end":{"line":343,"column":18}},"343":{"start":{"line":344,"column":0},"end":{"line":344,"column":5}},"344":{"start":{"line":345,"column":0},"end":{"line":345,"column":3}},"345":{"start":{"line":346,"column":0},"end":{"line":346,"column":2}},"348":{"start":{"line":349,"column":0},"end":{"line":349,"column":11}},"349":{"start":{"line":350,"column":0},"end":{"line":350,"column":16}},"350":{"start":{"line":351,"column":0},"end":{"line":351,"column":27}},"351":{"start":{"line":352,"column":0},"end":{"line":352,"column":66}},"352":{"start":{"line":353,"column":0},"end":{"line":353,"column":9}},"354":{"start":{"line":355,"column":0},"end":{"line":355,"column":63}},"356":{"start":{"line":357,"column":0},"end":{"line":357,"column":32}},"357":{"start":{"line":358,"column":0},"end":{"line":358,"column":37}},"358":{"start":{"line":359,"column":0},"end":{"line":359,"column":25}},"359":{"start":{"line":360,"column":0},"end":{"line":360,"column":18}},"360":{"start":{"line":361,"column":0},"end":{"line":361,"column":37}},"361":{"start":{"line":362,"column":0},"end":{"line":362,"column":48}},"362":{"start":{"line":363,"column":0},"end":{"line":363,"column":45}},"363":{"start":{"line":364,"column":0},"end":{"line":364,"column":12}},"364":{"start":{"line":365,"column":0},"end":{"line":365,"column":11}},"365":{"start":{"line":366,"column":0},"end":{"line":366,"column":7}},"367":{"start":{"line":368,"column":0},"end":{"line":368,"column":58}},"368":{"start":{"line":369,"column":0},"end":{"line":369,"column":21}},"369":{"start":{"line":370,"column":0},"end":{"line":370,"column":23}},"370":{"start":{"line":371,"column":0},"end":{"line":371,"column":8}},"372":{"start":{"line":373,"column":0},"end":{"line":373,"column":27}},"373":{"start":{"line":374,"column":0},"end":{"line":374,"column":37}},"374":{"start":{"line":375,"column":0},"end":{"line":375,"column":14}},"375":{"start":{"line":376,"column":0},"end":{"line":376,"column":65}},"376":{"start":{"line":377,"column":0},"end":{"line":377,"column":40}},"377":{"start":{"line":378,"column":0},"end":{"line":378,"column":7}},"378":{"start":{"line":379,"column":0},"end":{"line":379,"column":21}},"379":{"start":{"line":380,"column":0},"end":{"line":380,"column":18}},"380":{"start":{"line":381,"column":0},"end":{"line":381,"column":5}},"381":{"start":{"line":382,"column":0},"end":{"line":382,"column":3}},"382":{"start":{"line":383,"column":0},"end":{"line":383,"column":2}},"384":{"start":{"line":385,"column":0},"end":{"line":385,"column":38}}},"s":{"0":1,"1":1,"2":1,"3":1,"5":1,"6":1,"8":1,"9":1,"12":1,"13":1,"14":1,"16":1,"17":1,"18":1,"19":1,"21":1,"22":1,"23":1,"24":1,"26":1,"27":1,"28":1,"29":1,"31":1,"32":1,"33":1,"34":1,"36":1,"37":1,"38":1,"39":1,"40":1,"42":1,"43":1,"44":1,"45":1,"47":1,"48":1,"49":1,"50":1,"53":1,"54":1,"55":1,"56":1,"57":1,"58":1,"59":1,"60":1,"61":1,"62":1,"63":1,"66":1,"67":1,"68":1,"69":1,"70":2,"72":2,"74":2,"75":0,"76":0,"77":0,"78":0,"79":0,"80":0,"81":0,"82":0,"83":0,"85":2,"86":2,"87":2,"88":2,"90":2,"91":2,"92":2,"93":0,"94":0,"95":0,"96":2,"97":0,"98":0,"99":2,"100":1,"103":1,"104":1,"105":1,"106":1,"107":3,"109":3,"111":3,"112":0,"113":0,"114":0,"115":0,"116":0,"117":0,"118":0,"119":0,"120":0,"122":3,"123":3,"124":3,"125":3,"126":3,"128":3,"129":2,"130":3,"131":1,"132":1,"133":1,"134":3,"135":0,"136":0,"137":3,"138":1,"141":1,"142":1,"143":1,"144":1,"145":2,"147":2,"149":2,"150":0,"151":0,"152":0,"153":0,"154":0,"155":0,"156":0,"157":0,"158":0,"160":2,"161":2,"162":2,"163":2,"165":2,"166":2,"167":2,"168":0,"169":0,"170":0,"171":2,"172":0,"173":0,"174":2,"175":1,"178":1,"179":1,"180":1,"181":1,"182":2,"184":2,"186":2,"187":0,"188":0,"189":0,"190":0,"191":0,"192":0,"193":0,"194":0,"195":0,"197":2,"198":2,"199":2,"200":2,"202":2,"203":2,"204":2,"205":0,"206":0,"207":0,"208":2,"209":0,"210":0,"211":2,"212":1,"215":1,"216":1,"217":1,"218":1,"219":1,"220":1,"222":1,"223":1,"224":1,"225":0,"226":0,"227":0,"228":1,"229":0,"230":0,"231":1,"232":1,"235":1,"236":1,"237":1,"238":1,"239":2,"241":2,"243":2,"244":0,"245":0,"246":0,"247":0,"248":0,"249":0,"250":0,"251":0,"252":0,"254":2,"255":2,"256":2,"257":2,"259":2,"260":2,"261":2,"262":0,"263":0,"264":0,"265":2,"266":0,"267":0,"268":2,"269":1,"272":1,"273":1,"274":1,"275":1,"276":1,"277":13,"279":13,"281":13,"282":1,"283":1,"284":1,"285":1,"286":1,"287":1,"288":1,"289":1,"290":1,"292":12,"293":12,"294":12,"295":12,"297":12,"298":12,"299":13,"300":0,"301":0,"302":0,"303":13,"304":0,"305":0,"306":13,"307":1,"310":1,"311":1,"312":1,"313":1,"314":1,"315":22,"317":22,"319":22,"320":0,"321":0,"322":0,"323":0,"324":0,"325":0,"326":0,"327":0,"328":0,"330":22,"331":22,"332":22,"333":22,"335":22,"336":22,"337":22,"338":0,"339":0,"340":0,"341":22,"342":0,"343":0,"344":22,"345":1,"348":1,"349":1,"350":1,"351":1,"352":2,"354":2,"356":2,"357":0,"358":0,"359":0,"360":0,"361":0,"362":0,"363":0,"364":0,"365":0,"367":2,"368":2,"369":2,"370":2,"372":2,"373":2,"374":2,"375":0,"376":0,"377":0,"378":2,"379":0,"380":0,"381":2,"382":1,"384":1},"branchMap":{"0":{"type":"branch","line":54,"loc":{"start":{"line":54,"column":30},"end":{"line":64,"column":2}},"locations":[{"start":{"line":54,"column":30},"end":{"line":64,"column":2}}]},"1":{"type":"branch","line":63,"loc":{"start":{"line":63,"column":23},"end":{"line":63,"column":32}},"locations":[{"start":{"line":63,"column":23},"end":{"line":63,"column":32}}]},"2":{"type":"branch","line":70,"loc":{"start":{"line":70,"column":2},"end":{"line":100,"column":3}},"locations":[{"start":{"line":70,"column":2},"end":{"line":100,"column":3}}]},"3":{"type":"branch","line":75,"loc":{"start":{"line":75,"column":31},"end":{"line":84,"column":7}},"locations":[{"start":{"line":75,"column":31},"end":{"line":84,"column":7}}]},"4":{"type":"branch","line":93,"loc":{"start":{"line":93,"column":6},"end":{"line":96,"column":7}},"locations":[{"start":{"line":93,"column":6},"end":{"line":96,"column":7}}]},"5":{"type":"branch","line":97,"loc":{"start":{"line":97,"column":4},"end":{"line":99,"column":5}},"locations":[{"start":{"line":97,"column":4},"end":{"line":99,"column":5}}]},"6":{"type":"branch","line":107,"loc":{"start":{"line":107,"column":2},"end":{"line":138,"column":3}},"locations":[{"start":{"line":107,"column":2},"end":{"line":138,"column":3}}]},"7":{"type":"branch","line":112,"loc":{"start":{"line":112,"column":31},"end":{"line":121,"column":7}},"locations":[{"start":{"line":112,"column":31},"end":{"line":121,"column":7}}]},"8":{"type":"branch","line":129,"loc":{"start":{"line":129,"column":26},"end":{"line":131,"column":13}},"locations":[{"start":{"line":129,"column":26},"end":{"line":131,"column":13}}]},"9":{"type":"branch","line":131,"loc":{"start":{"line":131,"column":6},"end":{"line":134,"column":7}},"locations":[{"start":{"line":131,"column":6},"end":{"line":134,"column":7}}]},"10":{"type":"branch","line":135,"loc":{"start":{"line":135,"column":4},"end":{"line":137,"column":5}},"locations":[{"start":{"line":135,"column":4},"end":{"line":137,"column":5}}]},"11":{"type":"branch","line":145,"loc":{"start":{"line":145,"column":2},"end":{"line":175,"column":3}},"locations":[{"start":{"line":145,"column":2},"end":{"line":175,"column":3}}]},"12":{"type":"branch","line":150,"loc":{"start":{"line":150,"column":31},"end":{"line":159,"column":7}},"locations":[{"start":{"line":150,"column":31},"end":{"line":159,"column":7}}]},"13":{"type":"branch","line":168,"loc":{"start":{"line":168,"column":6},"end":{"line":171,"column":7}},"locations":[{"start":{"line":168,"column":6},"end":{"line":171,"column":7}}]},"14":{"type":"branch","line":172,"loc":{"start":{"line":172,"column":4},"end":{"line":174,"column":5}},"locations":[{"start":{"line":172,"column":4},"end":{"line":174,"column":5}}]},"15":{"type":"branch","line":182,"loc":{"start":{"line":182,"column":2},"end":{"line":212,"column":3}},"locations":[{"start":{"line":182,"column":2},"end":{"line":212,"column":3}}]},"16":{"type":"branch","line":187,"loc":{"start":{"line":187,"column":31},"end":{"line":196,"column":7}},"locations":[{"start":{"line":187,"column":31},"end":{"line":196,"column":7}}]},"17":{"type":"branch","line":205,"loc":{"start":{"line":205,"column":6},"end":{"line":208,"column":7}},"locations":[{"start":{"line":205,"column":6},"end":{"line":208,"column":7}}]},"18":{"type":"branch","line":209,"loc":{"start":{"line":209,"column":4},"end":{"line":211,"column":5}},"locations":[{"start":{"line":209,"column":4},"end":{"line":211,"column":5}}]},"19":{"type":"branch","line":219,"loc":{"start":{"line":219,"column":2},"end":{"line":232,"column":3}},"locations":[{"start":{"line":219,"column":2},"end":{"line":232,"column":3}}]},"20":{"type":"branch","line":225,"loc":{"start":{"line":225,"column":6},"end":{"line":228,"column":7}},"locations":[{"start":{"line":225,"column":6},"end":{"line":228,"column":7}}]},"21":{"type":"branch","line":229,"loc":{"start":{"line":229,"column":4},"end":{"line":231,"column":5}},"locations":[{"start":{"line":229,"column":4},"end":{"line":231,"column":5}}]},"22":{"type":"branch","line":239,"loc":{"start":{"line":239,"column":2},"end":{"line":269,"column":3}},"locations":[{"start":{"line":239,"column":2},"end":{"line":269,"column":3}}]},"23":{"type":"branch","line":244,"loc":{"start":{"line":244,"column":31},"end":{"line":253,"column":7}},"locations":[{"start":{"line":244,"column":31},"end":{"line":253,"column":7}}]},"24":{"type":"branch","line":262,"loc":{"start":{"line":262,"column":6},"end":{"line":265,"column":7}},"locations":[{"start":{"line":262,"column":6},"end":{"line":265,"column":7}}]},"25":{"type":"branch","line":266,"loc":{"start":{"line":266,"column":4},"end":{"line":268,"column":5}},"locations":[{"start":{"line":266,"column":4},"end":{"line":268,"column":5}}]},"26":{"type":"branch","line":277,"loc":{"start":{"line":277,"column":2},"end":{"line":307,"column":3}},"locations":[{"start":{"line":277,"column":2},"end":{"line":307,"column":3}}]},"27":{"type":"branch","line":282,"loc":{"start":{"line":282,"column":31},"end":{"line":291,"column":7}},"locations":[{"start":{"line":282,"column":31},"end":{"line":291,"column":7}}]},"28":{"type":"branch","line":291,"loc":{"start":{"line":291,"column":6},"end":{"line":300,"column":13}},"locations":[{"start":{"line":291,"column":6},"end":{"line":300,"column":13}}]},"29":{"type":"branch","line":300,"loc":{"start":{"line":300,"column":6},"end":{"line":303,"column":7}},"locations":[{"start":{"line":300,"column":6},"end":{"line":303,"column":7}}]},"30":{"type":"branch","line":304,"loc":{"start":{"line":304,"column":4},"end":{"line":306,"column":5}},"locations":[{"start":{"line":304,"column":4},"end":{"line":306,"column":5}}]},"31":{"type":"branch","line":315,"loc":{"start":{"line":315,"column":2},"end":{"line":345,"column":3}},"locations":[{"start":{"line":315,"column":2},"end":{"line":345,"column":3}}]},"32":{"type":"branch","line":320,"loc":{"start":{"line":320,"column":31},"end":{"line":329,"column":7}},"locations":[{"start":{"line":320,"column":31},"end":{"line":329,"column":7}}]},"33":{"type":"branch","line":338,"loc":{"start":{"line":338,"column":6},"end":{"line":341,"column":7}},"locations":[{"start":{"line":338,"column":6},"end":{"line":341,"column":7}}]},"34":{"type":"branch","line":342,"loc":{"start":{"line":342,"column":4},"end":{"line":344,"column":5}},"locations":[{"start":{"line":342,"column":4},"end":{"line":344,"column":5}}]},"35":{"type":"branch","line":352,"loc":{"start":{"line":352,"column":2},"end":{"line":382,"column":3}},"locations":[{"start":{"line":352,"column":2},"end":{"line":382,"column":3}}]},"36":{"type":"branch","line":357,"loc":{"start":{"line":357,"column":31},"end":{"line":366,"column":7}},"locations":[{"start":{"line":357,"column":31},"end":{"line":366,"column":7}}]},"37":{"type":"branch","line":375,"loc":{"start":{"line":375,"column":6},"end":{"line":378,"column":7}},"locations":[{"start":{"line":375,"column":6},"end":{"line":378,"column":7}}]},"38":{"type":"branch","line":379,"loc":{"start":{"line":379,"column":4},"end":{"line":381,"column":5}},"locations":[{"start":{"line":379,"column":4},"end":{"line":381,"column":5}}]}},"b":{"0":[1],"1":[0],"2":[2],"3":[0],"4":[0],"5":[0],"6":[3],"7":[0],"8":[2],"9":[1],"10":[0],"11":[2],"12":[0],"13":[0],"14":[0],"15":[2],"16":[0],"17":[0],"18":[0],"19":[1],"20":[0],"21":[0],"22":[2],"23":[0],"24":[0],"25":[0],"26":[13],"27":[1],"28":[12],"29":[0],"30":[0],"31":[22],"32":[0],"33":[0],"34":[0],"35":[2],"36":[0],"37":[0],"38":[0]},"fnMap":{"0":{"name":"getStatusCodeForError","decl":{"start":{"line":54,"column":30},"end":{"line":64,"column":2}},"loc":{"start":{"line":54,"column":30},"end":{"line":64,"column":2}},"line":54}},"f":{"0":1}}
,"/Users/chrisdukes/Desktop/projects/vibestack-improved/vibestack/vibestack-api/src/api/routes/authenticationRoutes.ts": {"path":"/Users/chrisdukes/Desktop/projects/vibestack-improved/vibestack/vibestack-api/src/api/routes/authenticationRoutes.ts","all":false,"statementMap":{"0":{"start":{"line":1,"column":0},"end":{"line":1,"column":66}},"1":{"start":{"line":2,"column":0},"end":{"line":2,"column":45}},"2":{"start":{"line":3,"column":0},"end":{"line":3,"column":85}},"3":{"start":{"line":4,"column":0},"end":{"line":4,"column":81}},"4":{"start":{"line":5,"column":0},"end":{"line":5,"column":87}},"5":{"start":{"line":6,"column":0},"end":{"line":6,"column":49}},"6":{"start":{"line":7,"column":0},"end":{"line":7,"column":24}},"8":{"start":{"line":9,"column":0},"end":{"line":9,"column":24}},"9":{"start":{"line":10,"column":0},"end":{"line":10,"column":46}},"12":{"start":{"line":13,"column":0},"end":{"line":13,"column":31}},"13":{"start":{"line":14,"column":0},"end":{"line":14,"column":50}},"14":{"start":{"line":15,"column":0},"end":{"line":15,"column":72}},"15":{"start":{"line":16,"column":0},"end":{"line":16,"column":72}},"16":{"start":{"line":17,"column":0},"end":{"line":17,"column":37}},"17":{"start":{"line":18,"column":0},"end":{"line":18,"column":3}},"19":{"start":{"line":20,"column":0},"end":{"line":20,"column":31}},"20":{"start":{"line":21,"column":0},"end":{"line":21,"column":50}},"21":{"start":{"line":22,"column":0},"end":{"line":22,"column":54}},"22":{"start":{"line":23,"column":0},"end":{"line":23,"column":3}},"24":{"start":{"line":25,"column":0},"end":{"line":25,"column":36}},"25":{"start":{"line":26,"column":0},"end":{"line":26,"column":48}},"26":{"start":{"line":27,"column":0},"end":{"line":27,"column":39}},"27":{"start":{"line":28,"column":0},"end":{"line":28,"column":3}},"29":{"start":{"line":30,"column":0},"end":{"line":30,"column":38}},"30":{"start":{"line":31,"column":0},"end":{"line":31,"column":50}},"31":{"start":{"line":32,"column":0},"end":{"line":32,"column":3}},"33":{"start":{"line":34,"column":0},"end":{"line":34,"column":37}},"34":{"start":{"line":35,"column":0},"end":{"line":35,"column":48}},"35":{"start":{"line":36,"column":0},"end":{"line":36,"column":75}},"36":{"start":{"line":37,"column":0},"end":{"line":37,"column":3}},"38":{"start":{"line":39,"column":0},"end":{"line":39,"column":39}},"39":{"start":{"line":40,"column":0},"end":{"line":40,"column":69}},"40":{"start":{"line":41,"column":0},"end":{"line":41,"column":79}},"41":{"start":{"line":42,"column":0},"end":{"line":42,"column":3}},"43":{"start":{"line":44,"column":0},"end":{"line":44,"column":32}},"44":{"start":{"line":45,"column":0},"end":{"line":45,"column":63}},"45":{"start":{"line":46,"column":0},"end":{"line":46,"column":3}},"48":{"start":{"line":49,"column":0},"end":{"line":49,"column":57}},"49":{"start":{"line":50,"column":0},"end":{"line":50,"column":45}},"50":{"start":{"line":51,"column":0},"end":{"line":51,"column":22}},"51":{"start":{"line":52,"column":0},"end":{"line":52,"column":29}},"52":{"start":{"line":53,"column":0},"end":{"line":53,"column":20}},"53":{"start":{"line":54,"column":0},"end":{"line":54,"column":23}},"54":{"start":{"line":55,"column":0},"end":{"line":55,"column":31}},"55":{"start":{"line":56,"column":0},"end":{"line":56,"column":21}},"56":{"start":{"line":57,"column":0},"end":{"line":57,"column":29}},"57":{"start":{"line":58,"column":0},"end":{"line":58,"column":24}},"58":{"start":{"line":59,"column":0},"end":{"line":59,"column":26}},"59":{"start":{"line":60,"column":0},"end":{"line":60,"column":29}},"60":{"start":{"line":61,"column":0},"end":{"line":61,"column":4}},"61":{"start":{"line":62,"column":0},"end":{"line":62,"column":32}},"62":{"start":{"line":63,"column":0},"end":{"line":63,"column":2}},"65":{"start":{"line":66,"column":0},"end":{"line":66,"column":12}},"66":{"start":{"line":67,"column":0},"end":{"line":67,"column":12}},"67":{"start":{"line":68,"column":0},"end":{"line":68,"column":100}},"68":{"start":{"line":69,"column":0},"end":{"line":69,"column":42}},"69":{"start":{"line":70,"column":0},"end":{"line":70,"column":62}},"70":{"start":{"line":71,"column":0},"end":{"line":71,"column":9}},"71":{"start":{"line":72,"column":0},"end":{"line":72,"column":56}},"73":{"start":{"line":74,"column":0},"end":{"line":74,"column":27}},"74":{"start":{"line":75,"column":0},"end":{"line":75,"column":37}},"75":{"start":{"line":76,"column":0},"end":{"line":76,"column":14}},"76":{"start":{"line":77,"column":0},"end":{"line":77,"column":65}},"77":{"start":{"line":78,"column":0},"end":{"line":78,"column":40}},"78":{"start":{"line":79,"column":0},"end":{"line":79,"column":7}},"79":{"start":{"line":80,"column":0},"end":{"line":80,"column":21}},"80":{"start":{"line":81,"column":0},"end":{"line":81,"column":18}},"81":{"start":{"line":82,"column":0},"end":{"line":82,"column":5}},"82":{"start":{"line":83,"column":0},"end":{"line":83,"column":3}},"83":{"start":{"line":84,"column":0},"end":{"line":84,"column":2}},"86":{"start":{"line":87,"column":0},"end":{"line":87,"column":12}},"87":{"start":{"line":88,"column":0},"end":{"line":88,"column":12}},"88":{"start":{"line":89,"column":0},"end":{"line":89,"column":102}},"89":{"start":{"line":90,"column":0},"end":{"line":90,"column":42}},"90":{"start":{"line":91,"column":0},"end":{"line":91,"column":62}},"91":{"start":{"line":92,"column":0},"end":{"line":92,"column":9}},"92":{"start":{"line":93,"column":0},"end":{"line":93,"column":43}},"93":{"start":{"line":94,"column":0},"end":{"line":94,"column":63}},"95":{"start":{"line":96,"column":0},"end":{"line":96,"column":27}},"96":{"start":{"line":97,"column":0},"end":{"line":97,"column":37}},"97":{"start":{"line":98,"column":0},"end":{"line":98,"column":14}},"98":{"start":{"line":99,"column":0},"end":{"line":99,"column":65}},"99":{"start":{"line":100,"column":0},"end":{"line":100,"column":40}},"100":{"start":{"line":101,"column":0},"end":{"line":101,"column":7}},"101":{"start":{"line":102,"column":0},"end":{"line":102,"column":21}},"102":{"start":{"line":103,"column":0},"end":{"line":103,"column":18}},"103":{"start":{"line":104,"column":0},"end":{"line":104,"column":5}},"104":{"start":{"line":105,"column":0},"end":{"line":105,"column":3}},"105":{"start":{"line":106,"column":0},"end":{"line":106,"column":2}},"108":{"start":{"line":109,"column":0},"end":{"line":109,"column":12}},"109":{"start":{"line":110,"column":0},"end":{"line":110,"column":13}},"110":{"start":{"line":111,"column":0},"end":{"line":111,"column":27}},"111":{"start":{"line":112,"column":0},"end":{"line":112,"column":62}},"112":{"start":{"line":113,"column":0},"end":{"line":113,"column":9}},"113":{"start":{"line":114,"column":0},"end":{"line":114,"column":49}},"115":{"start":{"line":116,"column":0},"end":{"line":116,"column":27}},"116":{"start":{"line":117,"column":0},"end":{"line":117,"column":37}},"117":{"start":{"line":118,"column":0},"end":{"line":118,"column":14}},"118":{"start":{"line":119,"column":0},"end":{"line":119,"column":65}},"119":{"start":{"line":120,"column":0},"end":{"line":120,"column":40}},"120":{"start":{"line":121,"column":0},"end":{"line":121,"column":7}},"121":{"start":{"line":122,"column":0},"end":{"line":122,"column":21}},"122":{"start":{"line":123,"column":0},"end":{"line":123,"column":18}},"123":{"start":{"line":124,"column":0},"end":{"line":124,"column":5}},"124":{"start":{"line":125,"column":0},"end":{"line":125,"column":3}},"125":{"start":{"line":126,"column":0},"end":{"line":126,"column":2}},"128":{"start":{"line":129,"column":0},"end":{"line":129,"column":12}},"129":{"start":{"line":130,"column":0},"end":{"line":130,"column":18}},"130":{"start":{"line":131,"column":0},"end":{"line":131,"column":47}},"131":{"start":{"line":132,"column":0},"end":{"line":132,"column":62}},"132":{"start":{"line":133,"column":0},"end":{"line":133,"column":9}},"133":{"start":{"line":134,"column":0},"end":{"line":134,"column":39}},"134":{"start":{"line":135,"column":0},"end":{"line":135,"column":64}},"136":{"start":{"line":137,"column":0},"end":{"line":137,"column":27}},"137":{"start":{"line":138,"column":0},"end":{"line":138,"column":37}},"138":{"start":{"line":139,"column":0},"end":{"line":139,"column":14}},"139":{"start":{"line":140,"column":0},"end":{"line":140,"column":65}},"140":{"start":{"line":141,"column":0},"end":{"line":141,"column":40}},"141":{"start":{"line":142,"column":0},"end":{"line":142,"column":7}},"142":{"start":{"line":143,"column":0},"end":{"line":143,"column":21}},"143":{"start":{"line":144,"column":0},"end":{"line":144,"column":18}},"144":{"start":{"line":145,"column":0},"end":{"line":145,"column":5}},"145":{"start":{"line":146,"column":0},"end":{"line":146,"column":3}},"146":{"start":{"line":147,"column":0},"end":{"line":147,"column":2}},"149":{"start":{"line":150,"column":0},"end":{"line":150,"column":12}},"150":{"start":{"line":151,"column":0},"end":{"line":151,"column":25}},"151":{"start":{"line":152,"column":0},"end":{"line":152,"column":94}},"152":{"start":{"line":153,"column":0},"end":{"line":153,"column":82}},"153":{"start":{"line":154,"column":0},"end":{"line":154,"column":62}},"154":{"start":{"line":155,"column":0},"end":{"line":155,"column":9}},"155":{"start":{"line":156,"column":0},"end":{"line":156,"column":33}},"156":{"start":{"line":157,"column":0},"end":{"line":157,"column":70}},"158":{"start":{"line":159,"column":0},"end":{"line":159,"column":27}},"159":{"start":{"line":160,"column":0},"end":{"line":160,"column":37}},"160":{"start":{"line":161,"column":0},"end":{"line":161,"column":14}},"161":{"start":{"line":162,"column":0},"end":{"line":162,"column":65}},"162":{"start":{"line":163,"column":0},"end":{"line":163,"column":40}},"163":{"start":{"line":164,"column":0},"end":{"line":164,"column":7}},"164":{"start":{"line":165,"column":0},"end":{"line":165,"column":21}},"165":{"start":{"line":166,"column":0},"end":{"line":166,"column":18}},"166":{"start":{"line":167,"column":0},"end":{"line":167,"column":5}},"167":{"start":{"line":168,"column":0},"end":{"line":168,"column":3}},"168":{"start":{"line":169,"column":0},"end":{"line":169,"column":2}},"171":{"start":{"line":172,"column":0},"end":{"line":172,"column":12}},"172":{"start":{"line":173,"column":0},"end":{"line":173,"column":20}},"173":{"start":{"line":174,"column":0},"end":{"line":174,"column":94}},"174":{"start":{"line":175,"column":0},"end":{"line":175,"column":49}},"175":{"start":{"line":176,"column":0},"end":{"line":176,"column":62}},"176":{"start":{"line":177,"column":0},"end":{"line":177,"column":9}},"177":{"start":{"line":178,"column":0},"end":{"line":178,"column":33}},"178":{"start":{"line":179,"column":0},"end":{"line":179,"column":60}},"180":{"start":{"line":181,"column":0},"end":{"line":181,"column":27}},"181":{"start":{"line":182,"column":0},"end":{"line":182,"column":37}},"182":{"start":{"line":183,"column":0},"end":{"line":183,"column":14}},"183":{"start":{"line":184,"column":0},"end":{"line":184,"column":65}},"184":{"start":{"line":185,"column":0},"end":{"line":185,"column":40}},"185":{"start":{"line":186,"column":0},"end":{"line":186,"column":7}},"186":{"start":{"line":187,"column":0},"end":{"line":187,"column":21}},"187":{"start":{"line":188,"column":0},"end":{"line":188,"column":18}},"188":{"start":{"line":189,"column":0},"end":{"line":189,"column":5}},"189":{"start":{"line":190,"column":0},"end":{"line":190,"column":3}},"190":{"start":{"line":191,"column":0},"end":{"line":191,"column":2}},"193":{"start":{"line":194,"column":0},"end":{"line":194,"column":12}},"194":{"start":{"line":195,"column":0},"end":{"line":195,"column":19}},"195":{"start":{"line":196,"column":0},"end":{"line":196,"column":48}},"196":{"start":{"line":197,"column":0},"end":{"line":197,"column":62}},"197":{"start":{"line":198,"column":0},"end":{"line":198,"column":9}},"198":{"start":{"line":199,"column":0},"end":{"line":199,"column":46}},"199":{"start":{"line":200,"column":0},"end":{"line":200,"column":80}},"201":{"start":{"line":202,"column":0},"end":{"line":202,"column":27}},"202":{"start":{"line":203,"column":0},"end":{"line":203,"column":37}},"203":{"start":{"line":204,"column":0},"end":{"line":204,"column":14}},"204":{"start":{"line":205,"column":0},"end":{"line":205,"column":65}},"205":{"start":{"line":206,"column":0},"end":{"line":206,"column":40}},"206":{"start":{"line":207,"column":0},"end":{"line":207,"column":7}},"207":{"start":{"line":208,"column":0},"end":{"line":208,"column":21}},"208":{"start":{"line":209,"column":0},"end":{"line":209,"column":18}},"209":{"start":{"line":210,"column":0},"end":{"line":210,"column":5}},"210":{"start":{"line":211,"column":0},"end":{"line":211,"column":3}},"211":{"start":{"line":212,"column":0},"end":{"line":212,"column":2}},"214":{"start":{"line":215,"column":0},"end":{"line":215,"column":11}},"215":{"start":{"line":216,"column":0},"end":{"line":216,"column":21}},"216":{"start":{"line":217,"column":0},"end":{"line":217,"column":27}},"217":{"start":{"line":218,"column":0},"end":{"line":218,"column":50}},"218":{"start":{"line":219,"column":0},"end":{"line":219,"column":62}},"219":{"start":{"line":220,"column":0},"end":{"line":220,"column":9}},"220":{"start":{"line":221,"column":0},"end":{"line":221,"column":56}},"221":{"start":{"line":222,"column":0},"end":{"line":222,"column":84}},"223":{"start":{"line":224,"column":0},"end":{"line":224,"column":27}},"224":{"start":{"line":225,"column":0},"end":{"line":225,"column":37}},"225":{"start":{"line":226,"column":0},"end":{"line":226,"column":14}},"226":{"start":{"line":227,"column":0},"end":{"line":227,"column":65}},"227":{"start":{"line":228,"column":0},"end":{"line":228,"column":40}},"228":{"start":{"line":229,"column":0},"end":{"line":229,"column":7}},"229":{"start":{"line":230,"column":0},"end":{"line":230,"column":21}},"230":{"start":{"line":231,"column":0},"end":{"line":231,"column":18}},"231":{"start":{"line":232,"column":0},"end":{"line":232,"column":5}},"232":{"start":{"line":233,"column":0},"end":{"line":233,"column":3}},"233":{"start":{"line":234,"column":0},"end":{"line":234,"column":2}},"236":{"start":{"line":237,"column":0},"end":{"line":237,"column":11}},"237":{"start":{"line":238,"column":0},"end":{"line":238,"column":13}},"238":{"start":{"line":239,"column":0},"end":{"line":239,"column":62}},"239":{"start":{"line":240,"column":0},"end":{"line":240,"column":9}},"240":{"start":{"line":241,"column":0},"end":{"line":241,"column":52}},"242":{"start":{"line":243,"column":0},"end":{"line":243,"column":27}},"243":{"start":{"line":244,"column":0},"end":{"line":244,"column":37}},"244":{"start":{"line":245,"column":0},"end":{"line":245,"column":14}},"245":{"start":{"line":246,"column":0},"end":{"line":246,"column":65}},"246":{"start":{"line":247,"column":0},"end":{"line":247,"column":40}},"247":{"start":{"line":248,"column":0},"end":{"line":248,"column":7}},"248":{"start":{"line":249,"column":0},"end":{"line":249,"column":21}},"249":{"start":{"line":250,"column":0},"end":{"line":250,"column":18}},"250":{"start":{"line":251,"column":0},"end":{"line":251,"column":5}},"251":{"start":{"line":252,"column":0},"end":{"line":252,"column":3}},"252":{"start":{"line":253,"column":0},"end":{"line":253,"column":2}},"255":{"start":{"line":256,"column":0},"end":{"line":256,"column":12}},"256":{"start":{"line":257,"column":0},"end":{"line":257,"column":13}},"257":{"start":{"line":258,"column":0},"end":{"line":258,"column":43}},"258":{"start":{"line":259,"column":0},"end":{"line":259,"column":62}},"259":{"start":{"line":260,"column":0},"end":{"line":260,"column":9}},"260":{"start":{"line":261,"column":0},"end":{"line":261,"column":40}},"261":{"start":{"line":262,"column":0},"end":{"line":262,"column":68}},"263":{"start":{"line":264,"column":0},"end":{"line":264,"column":27}},"264":{"start":{"line":265,"column":0},"end":{"line":265,"column":37}},"265":{"start":{"line":266,"column":0},"end":{"line":266,"column":14}},"266":{"start":{"line":267,"column":0},"end":{"line":267,"column":65}},"267":{"start":{"line":268,"column":0},"end":{"line":268,"column":40}},"268":{"start":{"line":269,"column":0},"end":{"line":269,"column":7}},"269":{"start":{"line":270,"column":0},"end":{"line":270,"column":21}},"270":{"start":{"line":271,"column":0},"end":{"line":271,"column":18}},"271":{"start":{"line":272,"column":0},"end":{"line":272,"column":5}},"272":{"start":{"line":273,"column":0},"end":{"line":273,"column":3}},"273":{"start":{"line":274,"column":0},"end":{"line":274,"column":2}},"275":{"start":{"line":276,"column":0},"end":{"line":276,"column":33}}},"s":{"0":1,"1":1,"2":1,"3":1,"4":1,"5":1,"6":1,"8":1,"9":1,"12":1,"13":1,"14":1,"15":1,"16":1,"17":1,"19":1,"20":1,"21":1,"22":1,"24":1,"25":1,"26":1,"27":1,"29":1,"30":1,"31":1,"33":1,"34":1,"35":1,"36":1,"38":1,"39":1,"40":1,"41":1,"43":1,"44":1,"45":1,"48":1,"49":14,"50":14,"51":14,"52":14,"53":14,"54":14,"55":14,"56":14,"57":14,"58":14,"59":14,"60":14,"61":14,"62":14,"65":1,"66":1,"67":1,"68":1,"69":1,"70":3,"71":3,"73":3,"74":1,"75":3,"76":2,"77":2,"78":2,"79":3,"80":0,"81":0,"82":3,"83":1,"86":1,"87":1,"88":1,"89":1,"90":1,"91":10,"92":10,"93":10,"95":10,"96":1,"97":10,"98":9,"99":9,"100":9,"101":10,"102":0,"103":0,"104":10,"105":1,"108":1,"109":1,"110":1,"111":1,"112":1,"113":1,"115":1,"116":1,"117":1,"118":0,"119":0,"120":0,"121":1,"122":0,"123":0,"124":1,"125":1,"128":1,"129":1,"130":1,"131":1,"132":2,"133":2,"134":2,"136":2,"137":1,"138":1,"139":1,"140":1,"141":1,"142":2,"143":0,"144":0,"145":2,"146":1,"149":1,"150":1,"151":1,"152":1,"153":1,"154":1,"155":1,"156":1,"158":1,"159":1,"160":1,"161":0,"162":0,"163":0,"164":1,"165":0,"166":0,"167":1,"168":1,"171":1,"172":1,"173":1,"174":1,"175":1,"176":1,"177":1,"178":1,"180":1,"181":1,"182":1,"183":0,"184":0,"185":0,"186":1,"187":0,"188":0,"189":1,"190":1,"193":1,"194":1,"195":1,"196":1,"197":1,"198":1,"199":1,"201":1,"202":1,"203":1,"204":0,"205":0,"206":0,"207":1,"208":0,"209":0,"210":1,"211":1,"214":1,"215":1,"216":1,"217":1,"218":1,"219":1,"220":1,"221":1,"223":1,"224":1,"225":1,"226":0,"227":0,"228":0,"229":1,"230":0,"231":0,"232":1,"233":1,"236":1,"237":1,"238":1,"239":2,"240":2,"242":2,"243":1,"244":1,"245":1,"246":1,"247":1,"248":2,"249":0,"250":0,"251":2,"252":1,"255":1,"256":1,"257":1,"258":1,"259":2,"260":2,"261":2,"263":2,"264":1,"265":1,"266":1,"267":1,"268":1,"269":2,"270":0,"271":0,"272":2,"273":1,"275":1},"branchMap":{"0":{"type":"branch","line":49,"loc":{"start":{"line":49,"column":30},"end":{"line":63,"column":2}},"locations":[{"start":{"line":49,"column":30},"end":{"line":63,"column":2}}]},"1":{"type":"branch","line":62,"loc":{"start":{"line":62,"column":23},"end":{"line":62,"column":32}},"locations":[{"start":{"line":62,"column":23},"end":{"line":62,"column":32}}]},"2":{"type":"branch","line":70,"loc":{"start":{"line":70,"column":2},"end":{"line":83,"column":3}},"locations":[{"start":{"line":70,"column":2},"end":{"line":83,"column":3}}]},"3":{"type":"branch","line":74,"loc":{"start":{"line":74,"column":26},"end":{"line":76,"column":13}},"locations":[{"start":{"line":74,"column":26},"end":{"line":76,"column":13}}]},"4":{"type":"branch","line":76,"loc":{"start":{"line":76,"column":6},"end":{"line":79,"column":7}},"locations":[{"start":{"line":76,"column":6},"end":{"line":79,"column":7}}]},"5":{"type":"branch","line":80,"loc":{"start":{"line":80,"column":4},"end":{"line":82,"column":5}},"locations":[{"start":{"line":80,"column":4},"end":{"line":82,"column":5}}]},"6":{"type":"branch","line":91,"loc":{"start":{"line":91,"column":2},"end":{"line":105,"column":3}},"locations":[{"start":{"line":91,"column":2},"end":{"line":105,"column":3}}]},"7":{"type":"branch","line":96,"loc":{"start":{"line":96,"column":26},"end":{"line":98,"column":13}},"locations":[{"start":{"line":96,"column":26},"end":{"line":98,"column":13}}]},"8":{"type":"branch","line":98,"loc":{"start":{"line":98,"column":6},"end":{"line":101,"column":7}},"locations":[{"start":{"line":98,"column":6},"end":{"line":101,"column":7}}]},"9":{"type":"branch","line":102,"loc":{"start":{"line":102,"column":4},"end":{"line":104,"column":5}},"locations":[{"start":{"line":102,"column":4},"end":{"line":104,"column":5}}]},"10":{"type":"branch","line":112,"loc":{"start":{"line":112,"column":2},"end":{"line":125,"column":3}},"locations":[{"start":{"line":112,"column":2},"end":{"line":125,"column":3}}]},"11":{"type":"branch","line":118,"loc":{"start":{"line":118,"column":6},"end":{"line":121,"column":7}},"locations":[{"start":{"line":118,"column":6},"end":{"line":121,"column":7}}]},"12":{"type":"branch","line":122,"loc":{"start":{"line":122,"column":4},"end":{"line":124,"column":5}},"locations":[{"start":{"line":122,"column":4},"end":{"line":124,"column":5}}]},"13":{"type":"branch","line":132,"loc":{"start":{"line":132,"column":2},"end":{"line":146,"column":3}},"locations":[{"start":{"line":132,"column":2},"end":{"line":146,"column":3}}]},"14":{"type":"branch","line":137,"loc":{"start":{"line":137,"column":26},"end":{"line":142,"column":7}},"locations":[{"start":{"line":137,"column":26},"end":{"line":142,"column":7}}]},"15":{"type":"branch","line":143,"loc":{"start":{"line":143,"column":4},"end":{"line":145,"column":5}},"locations":[{"start":{"line":143,"column":4},"end":{"line":145,"column":5}}]},"16":{"type":"branch","line":154,"loc":{"start":{"line":154,"column":2},"end":{"line":168,"column":3}},"locations":[{"start":{"line":154,"column":2},"end":{"line":168,"column":3}}]},"17":{"type":"branch","line":161,"loc":{"start":{"line":161,"column":6},"end":{"line":164,"column":7}},"locations":[{"start":{"line":161,"column":6},"end":{"line":164,"column":7}}]},"18":{"type":"branch","line":165,"loc":{"start":{"line":165,"column":4},"end":{"line":167,"column":5}},"locations":[{"start":{"line":165,"column":4},"end":{"line":167,"column":5}}]},"19":{"type":"branch","line":176,"loc":{"start":{"line":176,"column":2},"end":{"line":190,"column":3}},"locations":[{"start":{"line":176,"column":2},"end":{"line":190,"column":3}}]},"20":{"type":"branch","line":183,"loc":{"start":{"line":183,"column":6},"end":{"line":186,"column":7}},"locations":[{"start":{"line":183,"column":6},"end":{"line":186,"column":7}}]},"21":{"type":"branch","line":187,"loc":{"start":{"line":187,"column":4},"end":{"line":189,"column":5}},"locations":[{"start":{"line":187,"column":4},"end":{"line":189,"column":5}}]},"22":{"type":"branch","line":197,"loc":{"start":{"line":197,"column":2},"end":{"line":211,"column":3}},"locations":[{"start":{"line":197,"column":2},"end":{"line":211,"column":3}}]},"23":{"type":"branch","line":204,"loc":{"start":{"line":204,"column":6},"end":{"line":207,"column":7}},"locations":[{"start":{"line":204,"column":6},"end":{"line":207,"column":7}}]},"24":{"type":"branch","line":208,"loc":{"start":{"line":208,"column":4},"end":{"line":210,"column":5}},"locations":[{"start":{"line":208,"column":4},"end":{"line":210,"column":5}}]},"25":{"type":"branch","line":219,"loc":{"start":{"line":219,"column":2},"end":{"line":233,"column":3}},"locations":[{"start":{"line":219,"column":2},"end":{"line":233,"column":3}}]},"26":{"type":"branch","line":226,"loc":{"start":{"line":226,"column":6},"end":{"line":229,"column":7}},"locations":[{"start":{"line":226,"column":6},"end":{"line":229,"column":7}}]},"27":{"type":"branch","line":230,"loc":{"start":{"line":230,"column":4},"end":{"line":232,"column":5}},"locations":[{"start":{"line":230,"column":4},"end":{"line":232,"column":5}}]},"28":{"type":"branch","line":239,"loc":{"start":{"line":239,"column":2},"end":{"line":252,"column":3}},"locations":[{"start":{"line":239,"column":2},"end":{"line":252,"column":3}}]},"29":{"type":"branch","line":243,"loc":{"start":{"line":243,"column":26},"end":{"line":248,"column":7}},"locations":[{"start":{"line":243,"column":26},"end":{"line":248,"column":7}}]},"30":{"type":"branch","line":249,"loc":{"start":{"line":249,"column":4},"end":{"line":251,"column":5}},"locations":[{"start":{"line":249,"column":4},"end":{"line":251,"column":5}}]},"31":{"type":"branch","line":259,"loc":{"start":{"line":259,"column":2},"end":{"line":273,"column":3}},"locations":[{"start":{"line":259,"column":2},"end":{"line":273,"column":3}}]},"32":{"type":"branch","line":264,"loc":{"start":{"line":264,"column":26},"end":{"line":269,"column":7}},"locations":[{"start":{"line":264,"column":26},"end":{"line":269,"column":7}}]},"33":{"type":"branch","line":270,"loc":{"start":{"line":270,"column":4},"end":{"line":272,"column":5}},"locations":[{"start":{"line":270,"column":4},"end":{"line":272,"column":5}}]}},"b":{"0":[14],"1":[0],"2":[3],"3":[1],"4":[2],"5":[0],"6":[10],"7":[1],"8":[9],"9":[0],"10":[1],"11":[0],"12":[0],"13":[2],"14":[1],"15":[0],"16":[1],"17":[0],"18":[0],"19":[1],"20":[0],"21":[0],"22":[1],"23":[0],"24":[0],"25":[1],"26":[0],"27":[0],"28":[2],"29":[1],"30":[0],"31":[2],"32":[1],"33":[0]},"fnMap":{"0":{"name":"getStatusCodeForError","decl":{"start":{"line":49,"column":30},"end":{"line":63,"column":2}},"loc":{"start":{"line":49,"column":30},"end":{"line":63,"column":2}},"line":49}},"f":{"0":14}}
,"/Users/chrisdukes/Desktop/projects/vibestack-improved/vibestack/vibestack-api/src/api/routes/habitRoutes.ts": {"path":"/Users/chrisdukes/Desktop/projects/vibestack-improved/vibestack/vibestack-api/src/api/routes/habitRoutes.ts","all":false,"statementMap":{"0":{"start":{"line":1,"column":0},"end":{"line":1,"column":66}},"1":{"start":{"line":2,"column":0},"end":{"line":2,"column":46}},"2":{"start":{"line":3,"column":0},"end":{"line":3,"column":98}},"3":{"start":{"line":4,"column":0},"end":{"line":4,"column":81}},"4":{"start":{"line":5,"column":0},"end":{"line":5,"column":87}},"5":{"start":{"line":6,"column":0},"end":{"line":6,"column":49}},"6":{"start":{"line":7,"column":0},"end":{"line":7,"column":24}},"8":{"start":{"line":9,"column":0},"end":{"line":9,"column":24}},"9":{"start":{"line":10,"column":0},"end":{"line":10,"column":48}},"12":{"start":{"line":13,"column":0},"end":{"line":13,"column":36}},"13":{"start":{"line":14,"column":0},"end":{"line":14,"column":35}},"14":{"start":{"line":15,"column":0},"end":{"line":15,"column":46}},"15":{"start":{"line":16,"column":0},"end":{"line":16,"column":89}},"16":{"start":{"line":17,"column":0},"end":{"line":17,"column":56}},"17":{"start":{"line":18,"column":0},"end":{"line":18,"column":38}},"18":{"start":{"line":19,"column":0},"end":{"line":19,"column":52}},"19":{"start":{"line":20,"column":0},"end":{"line":20,"column":76}},"20":{"start":{"line":21,"column":0},"end":{"line":21,"column":124}},"21":{"start":{"line":22,"column":0},"end":{"line":22,"column":3}},"23":{"start":{"line":24,"column":0},"end":{"line":24,"column":36}},"24":{"start":{"line":25,"column":0},"end":{"line":25,"column":46}},"25":{"start":{"line":26,"column":0},"end":{"line":26,"column":46}},"26":{"start":{"line":27,"column":0},"end":{"line":27,"column":100}},"27":{"start":{"line":28,"column":0},"end":{"line":28,"column":67}},"28":{"start":{"line":29,"column":0},"end":{"line":29,"column":49}},"29":{"start":{"line":30,"column":0},"end":{"line":30,"column":63}},"30":{"start":{"line":31,"column":0},"end":{"line":31,"column":76}},"31":{"start":{"line":32,"column":0},"end":{"line":32,"column":124}},"32":{"start":{"line":33,"column":0},"end":{"line":33,"column":3}},"34":{"start":{"line":35,"column":0},"end":{"line":35,"column":39}},"35":{"start":{"line":36,"column":0},"end":{"line":36,"column":27}},"36":{"start":{"line":37,"column":0},"end":{"line":37,"column":48}},"37":{"start":{"line":38,"column":0},"end":{"line":38,"column":40}},"38":{"start":{"line":39,"column":0},"end":{"line":39,"column":3}},"40":{"start":{"line":41,"column":0},"end":{"line":41,"column":39}},"41":{"start":{"line":42,"column":0},"end":{"line":42,"column":56}},"42":{"start":{"line":43,"column":0},"end":{"line":43,"column":23}},"43":{"start":{"line":44,"column":0},"end":{"line":44,"column":115}},"44":{"start":{"line":45,"column":0},"end":{"line":45,"column":3}},"46":{"start":{"line":47,"column":0},"end":{"line":47,"column":34}},"47":{"start":{"line":48,"column":0},"end":{"line":48,"column":57}},"48":{"start":{"line":49,"column":0},"end":{"line":49,"column":100}},"49":{"start":{"line":50,"column":0},"end":{"line":50,"column":3}},"51":{"start":{"line":52,"column":0},"end":{"line":52,"column":36}},"52":{"start":{"line":53,"column":0},"end":{"line":53,"column":64}},"53":{"start":{"line":54,"column":0},"end":{"line":54,"column":62}},"54":{"start":{"line":55,"column":0},"end":{"line":55,"column":3}},"56":{"start":{"line":57,"column":0},"end":{"line":57,"column":37}},"57":{"start":{"line":58,"column":0},"end":{"line":58,"column":57}},"58":{"start":{"line":59,"column":0},"end":{"line":59,"column":3}},"61":{"start":{"line":62,"column":0},"end":{"line":62,"column":57}},"62":{"start":{"line":63,"column":0},"end":{"line":63,"column":45}},"63":{"start":{"line":64,"column":0},"end":{"line":64,"column":22}},"64":{"start":{"line":65,"column":0},"end":{"line":65,"column":19}},"65":{"start":{"line":66,"column":0},"end":{"line":66,"column":19}},"66":{"start":{"line":67,"column":0},"end":{"line":67,"column":25}},"67":{"start":{"line":68,"column":0},"end":{"line":68,"column":26}},"68":{"start":{"line":69,"column":0},"end":{"line":69,"column":29}},"69":{"start":{"line":70,"column":0},"end":{"line":70,"column":4}},"70":{"start":{"line":71,"column":0},"end":{"line":71,"column":32}},"71":{"start":{"line":72,"column":0},"end":{"line":72,"column":2}},"74":{"start":{"line":75,"column":0},"end":{"line":75,"column":11}},"75":{"start":{"line":76,"column":0},"end":{"line":76,"column":6}},"76":{"start":{"line":77,"column":0},"end":{"line":77,"column":27}},"77":{"start":{"line":78,"column":0},"end":{"line":78,"column":66}},"78":{"start":{"line":79,"column":0},"end":{"line":79,"column":9}},"80":{"start":{"line":81,"column":0},"end":{"line":81,"column":62}},"82":{"start":{"line":83,"column":0},"end":{"line":83,"column":32}},"83":{"start":{"line":84,"column":0},"end":{"line":84,"column":37}},"84":{"start":{"line":85,"column":0},"end":{"line":85,"column":25}},"85":{"start":{"line":86,"column":0},"end":{"line":86,"column":18}},"86":{"start":{"line":87,"column":0},"end":{"line":87,"column":37}},"87":{"start":{"line":88,"column":0},"end":{"line":88,"column":48}},"88":{"start":{"line":89,"column":0},"end":{"line":89,"column":45}},"89":{"start":{"line":90,"column":0},"end":{"line":90,"column":12}},"90":{"start":{"line":91,"column":0},"end":{"line":91,"column":11}},"91":{"start":{"line":92,"column":0},"end":{"line":92,"column":7}},"93":{"start":{"line":94,"column":0},"end":{"line":94,"column":81}},"95":{"start":{"line":96,"column":0},"end":{"line":96,"column":27}},"96":{"start":{"line":97,"column":0},"end":{"line":97,"column":37}},"97":{"start":{"line":98,"column":0},"end":{"line":98,"column":14}},"98":{"start":{"line":99,"column":0},"end":{"line":99,"column":65}},"99":{"start":{"line":100,"column":0},"end":{"line":100,"column":40}},"100":{"start":{"line":101,"column":0},"end":{"line":101,"column":7}},"101":{"start":{"line":102,"column":0},"end":{"line":102,"column":21}},"102":{"start":{"line":103,"column":0},"end":{"line":103,"column":18}},"103":{"start":{"line":104,"column":0},"end":{"line":104,"column":5}},"104":{"start":{"line":105,"column":0},"end":{"line":105,"column":3}},"105":{"start":{"line":106,"column":0},"end":{"line":106,"column":2}},"108":{"start":{"line":109,"column":0},"end":{"line":109,"column":11}},"109":{"start":{"line":110,"column":0},"end":{"line":110,"column":14}},"110":{"start":{"line":111,"column":0},"end":{"line":111,"column":27}},"111":{"start":{"line":112,"column":0},"end":{"line":112,"column":66}},"112":{"start":{"line":113,"column":0},"end":{"line":113,"column":9}},"113":{"start":{"line":114,"column":0},"end":{"line":114,"column":83}},"115":{"start":{"line":116,"column":0},"end":{"line":116,"column":27}},"116":{"start":{"line":117,"column":0},"end":{"line":117,"column":37}},"117":{"start":{"line":118,"column":0},"end":{"line":118,"column":14}},"118":{"start":{"line":119,"column":0},"end":{"line":119,"column":65}},"119":{"start":{"line":120,"column":0},"end":{"line":120,"column":40}},"120":{"start":{"line":121,"column":0},"end":{"line":121,"column":7}},"121":{"start":{"line":122,"column":0},"end":{"line":122,"column":21}},"122":{"start":{"line":123,"column":0},"end":{"line":123,"column":18}},"123":{"start":{"line":124,"column":0},"end":{"line":124,"column":5}},"124":{"start":{"line":125,"column":0},"end":{"line":125,"column":3}},"125":{"start":{"line":126,"column":0},"end":{"line":126,"column":2}},"128":{"start":{"line":129,"column":0},"end":{"line":129,"column":12}},"129":{"start":{"line":130,"column":0},"end":{"line":130,"column":6}},"130":{"start":{"line":131,"column":0},"end":{"line":131,"column":27}},"131":{"start":{"line":132,"column":0},"end":{"line":132,"column":94}},"132":{"start":{"line":133,"column":0},"end":{"line":133,"column":47}},"133":{"start":{"line":134,"column":0},"end":{"line":134,"column":66}},"134":{"start":{"l
[...]
71,"column":0},"end":{"line":271,"column":16}},"271":{"start":{"line":272,"column":0},"end":{"line":272,"column":25}},"272":{"start":{"line":273,"column":0},"end":{"line":273,"column":18}},"273":{"start":{"line":274,"column":0},"end":{"line":274,"column":30}},"274":{"start":{"line":275,"column":0},"end":{"line":275,"column":56}},"275":{"start":{"line":276,"column":0},"end":{"line":276,"column":12}},"276":{"start":{"line":277,"column":0},"end":{"line":277,"column":10}},"277":{"start":{"line":278,"column":0},"end":{"line":278,"column":7}},"280":{"start":{"line":281,"column":0},"end":{"line":281,"column":72}},"281":{"start":{"line":282,"column":0},"end":{"line":282,"column":24}},"282":{"start":{"line":283,"column":0},"end":{"line":283,"column":9}},"284":{"start":{"line":285,"column":0},"end":{"line":285,"column":18}},"285":{"start":{"line":286,"column":0},"end":{"line":286,"column":20}},"286":{"start":{"line":287,"column":0},"end":{"line":287,"column":7}},"288":{"start":{"line":289,"column":0},"end":{"line":289,"column":31}},"289":{"start":{"line":290,"column":0},"end":{"line":290,"column":21}},"290":{"start":{"line":291,"column":0},"end":{"line":291,"column":14}},"291":{"start":{"line":292,"column":0},"end":{"line":292,"column":23}},"292":{"start":{"line":293,"column":0},"end":{"line":293,"column":16}},"293":{"start":{"line":294,"column":0},"end":{"line":294,"column":31}},"294":{"start":{"line":295,"column":0},"end":{"line":295,"column":87}},"295":{"start":{"line":296,"column":0},"end":{"line":296,"column":10}},"296":{"start":{"line":297,"column":0},"end":{"line":297,"column":8}},"297":{"start":{"line":298,"column":0},"end":{"line":298,"column":5}},"298":{"start":{"line":299,"column":0},"end":{"line":299,"column":3}},"300":{"start":{"line":301,"column":0},"end":{"line":301,"column":81}},"301":{"start":{"line":302,"column":0},"end":{"line":302,"column":9}},"303":{"start":{"line":304,"column":0},"end":{"line":304,"column":51}},"304":{"start":{"line":305,"column":0},"end":{"line":305,"column":25}},"305":{"start":{"line":306,"column":0},"end":{"line":306,"column":35}},"306":{"start":{"line":307,"column":0},"end":{"line":307,"column":30}},"307":{"start":{"line":308,"column":0},"end":{"line":308,"column":18}},"309":{"start":{"line":310,"column":0},"end":{"line":310,"column":63}},"311":{"start":{"line":312,"column":0},"end":{"line":312,"column":15}},"312":{"start":{"line":313,"column":0},"end":{"line":313,"column":25}},"313":{"start":{"line":314,"column":0},"end":{"line":314,"column":47}},"315":{"start":{"line":316,"column":0},"end":{"line":316,"column":42}},"316":{"start":{"line":317,"column":0},"end":{"line":317,"column":18}},"317":{"start":{"line":318,"column":0},"end":{"line":318,"column":27}},"318":{"start":{"line":319,"column":0},"end":{"line":319,"column":20}},"319":{"start":{"line":320,"column":0},"end":{"line":320,"column":32}},"320":{"start":{"line":321,"column":0},"end":{"line":321,"column":53}},"321":{"start":{"line":322,"column":0},"end":{"line":322,"column":14}},"322":{"start":{"line":323,"column":0},"end":{"line":323,"column":12}},"323":{"start":{"line":324,"column":0},"end":{"line":324,"column":9}},"324":{"start":{"line":325,"column":0},"end":{"line":325,"column":7}},"327":{"start":{"line":328,"column":0},"end":{"line":328,"column":49}},"328":{"start":{"line":329,"column":0},"end":{"line":329,"column":27}},"329":{"start":{"line":330,"column":0},"end":{"line":330,"column":20}},"330":{"start":{"line":331,"column":0},"end":{"line":331,"column":30}},"331":{"start":{"line":332,"column":0},"end":{"line":332,"column":50}},"332":{"start":{"line":333,"column":0},"end":{"line":333,"column":19}},"334":{"start":{"line":335,"column":0},"end":{"line":335,"column":18}},"336":{"start":{"line":337,"column":0},"end":{"line":337,"column":57}},"337":{"start":{"line":338,"column":0},"end":{"line":338,"column":16}},"338":{"start":{"line":339,"column":0},"end":{"line":339,"column":24}},"339":{"start":{"line":340,"column":0},"end":{"line":340,"column":19}},"340":{"start":{"line":341,"column":0},"end":{"line":341,"column":10}},"341":{"start":{"line":342,"column":0},"end":{"line":342,"column":7}},"343":{"start":{"line":344,"column":0},"end":{"line":344,"column":14}},"344":{"start":{"line":345,"column":0},"end":{"line":345,"column":22}},"345":{"start":{"line":346,"column":0},"end":{"line":346,"column":45}},"346":{"start":{"line":347,"column":0},"end":{"line":347,"column":8}},"347":{"start":{"line":348,"column":0},"end":{"line":348,"column":21}},"348":{"start":{"line":349,"column":0},"end":{"line":349,"column":14}},"349":{"start":{"line":350,"column":0},"end":{"line":350,"column":23}},"350":{"start":{"line":351,"column":0},"end":{"line":351,"column":16}},"351":{"start":{"line":352,"column":0},"end":{"line":352,"column":33}},"352":{"start":{"line":353,"column":0},"end":{"line":353,"column":87}},"353":{"start":{"line":354,"column":0},"end":{"line":354,"column":10}},"354":{"start":{"line":355,"column":0},"end":{"line":355,"column":8}},"355":{"start":{"line":356,"column":0},"end":{"line":356,"column":5}},"356":{"start":{"line":357,"column":0},"end":{"line":357,"column":3}},"358":{"start":{"line":359,"column":0},"end":{"line":359,"column":70}},"359":{"start":{"line":360,"column":0},"end":{"line":360,"column":77}},"360":{"start":{"line":361,"column":0},"end":{"line":361,"column":22}},"361":{"start":{"line":362,"column":0},"end":{"line":362,"column":24}},"362":{"start":{"line":363,"column":0},"end":{"line":363,"column":27}},"363":{"start":{"line":364,"column":0},"end":{"line":364,"column":40}},"364":{"start":{"line":365,"column":0},"end":{"line":365,"column":42}},"365":{"start":{"line":366,"column":0},"end":{"line":366,"column":23}},"366":{"start":{"line":367,"column":0},"end":{"line":367,"column":21}},"367":{"start":{"line":368,"column":0},"end":{"line":368,"column":8}},"368":{"start":{"line":369,"column":0},"end":{"line":369,"column":19}},"369":{"start":{"line":370,"column":0},"end":{"line":370,"column":30}},"370":{"start":{"line":371,"column":0},"end":{"line":371,"column":29}},"371":{"start":{"line":372,"column":0},"end":{"line":372,"column":29}},"372":{"start":{"line":373,"column":0},"end":{"line":373,"column":30}},"373":{"start":{"line":374,"column":0},"end":{"line":374,"column":29}},"374":{"start":{"line":375,"column":0},"end":{"line":375,"column":24}},"375":{"start":{"line":376,"column":0},"end":{"line":376,"column":8}},"376":{"start":{"line":377,"column":0},"end":{"line":377,"column":15}},"377":{"start":{"line":378,"column":0},"end":{"line":378,"column":20}},"378":{"start":{"line":379,"column":0},"end":{"line":379,"column":15}},"379":{"start":{"line":380,"column":0},"end":{"line":380,"column":18}},"380":{"start":{"line":381,"column":0},"end":{"line":381,"column":6}},"382":{"start":{"line":383,"column":0},"end":{"line":383,"column":47}},"383":{"start":{"line":384,"column":0},"end":{"line":384,"column":22}},"384":{"start":{"line":385,"column":0},"end":{"line":385,"column":28}},"385":{"start":{"line":386,"column":0},"end":{"line":386,"column":15}},"386":{"start":{"line":387,"column":0},"end":{"line":387,"column":16}},"388":{"start":{"line":389,"column":0},"end":{"line":389,"column":16}},"389":{"start":{"line":390,"column":0},"end":{"line":390,"column":18}},"390":{"start":{"line":391,"column":0},"end":{"line":391,"column":5}},"392":{"start":{"line":393,"column":0},"end":{"line":393,"column":26}},"393":{"start":{"line":394,"column":0},"end":{"line":394,"column":3}},"394":{"start":{"line":395,"column":0},"end":{"line":395,"column":1}}},"s":{"28":1,"29":1,"31":1,"32":2,"34":2,"35":2,"36":2,"37":2,"38":2,"40":2,"41":1,"42":1,"43":1,"44":1,"45":1,"46":1,"47":1,"48":1,"51":1,"52":1,"53":1,"54":1,"55":1,"57":2,"59":0,"60":0,"61":0,"62":0,"63":0,"64":0,"65":0,"66":0,"67":0,"69":1,"70":1,"71":1,"72":1,"73":1,"74":1,"75":1,"76":2,"77":0,"78":0,"79":0,"80":0,"81":0,"82":0,"83":0,"84":0,"85":2,"87":1,"88":4,"90":4,"91":4,"92":4,"94":4,"95":1,"96":1,"97":1,"98":1,"99":1,"100":1,"101":1,"102":1,"105":4,"106":1,"107":1,"108":1,"109":1,"110":1,"111":1,"112":1,"113":1,"116":4,"117":1,"118":1,"119":1,"120":1,"121":1,"122":1,"124":1,"125":1,"126":1,"127":1,"128":1,"129":1,"130":1,"131":1,"132":1,"133":1,"136":1,"137":1,"138":1,"139":1,"140":1,"141":1,"143":4,"144":0,"145":0,"147":1,"148":1,"149":1,"150":1,"151":4,"152":0,"153":0,"154":0,"155":0,"156":0,"157":0,"158":0,"159":0,"160":4,"162":1,"163":2,"165":2,"166":2,"167":2,"168":2,"169":2,"171":2,"172":0,"173":0,"176":2,"177":2,"178":2,"180":2,"181":2,"182":2,"183":2,"184":2,"185":0,"186":0,"187":0,"188":0,"189":0,"190":0,"191":0,"192":0,"193":2,"195":1,"196":1,"198":1,"199":1,"200":1,"201":1,"202":1,"205":1,"206":1,"207":1,"208":1,"211":1,"212":1,"213":1,"214":1,"215":1,"218":1,"219":1,"220":1,"221":1,"222":1,"223":1,"225":1,"227":0,"228":0,"230":1,"231":1,"232":1,"233":1,"234":1,"235":1,"236":1,"237":1,"238":1,"239":1,"240":1,"241":0,"242":0,"243":0,"244":0,"245":0,"246":0,"247":0,"248":0,"249":1,"251":1,"252":3,"254":3,"255":3,"256":3,"258":3,"259":1,"260":1,"261":1,"262":1,"263":1,"264":1,"265":1,"266":1,"269":3,"270":1,"271":1,"272":1,"273":1,"274":1,"275":1,"276":1,"277":1,"280":1,"281":1,"282":1,"284":3,"285":0,"286":0,"288":1,"289":3,"290":0,"291":0,"292":0,"293":0,"294":0,"295":0,"296":0,"297":0,"298":3,"300":1,"301":2,"303":2,"304":2,"305":2,"306":2,"307":2,"309":2,"311":1,"312":1,"313":1,"315":1,"316":1,"317":1,"318":1,"319":1,"320":1,"321":1,"322":1,"323":1,"324":1,"327":1,"328":1,"329":1,"330":1,"331":1,"332":1,"334":2,"336":0,"337":0,"338":0,"339":0,"340":0,"341":0,"343":1,"344":1,"345":2,"346":2,"347":2,"348":0,"349":0,"350":0,"351":0,"352":0,"353":0,"354":0,"355":0,"356":2,"358":1,"359":0,"360":0,"361":0,"362":0,"363":0,"364":0,"365":0,"366":0,"367":0,"368":0,"369":0,"370":0,"371":0,"372":0,"373":0,"374":0,"375":0,"376":0,"377":0,"378":0,"379":0,"380":0,"382":0,"383":0,"384":0,"385":0,"386":0,"388":0,"389":0,"390":0,"392":0,"393":0,"394":1},"branchMap":{"0":{"type":"branch","line":30,"loc":{"start":{"line":30,"column":2},"end":{"line":30,"column":60}},"locations":[{"start":{"line":30,"column":2},"end":{"line":30,"column":60}}]},"1":{"type":"branch","line":32,"loc":{"start":{"line":32,"column":2},"end":{"line":86,"column":3}},"locations":[{"start":{"line":32,"column":2},"end":{"line":86,"column":3}}]},"2":{"type":"branch","line":41,"loc":{"start":{"line":41,"column":36},"end":{"line":58,"column":34}},"locations":[{"start":{"line":41,"column":36},"end":{"line":58,"column":34}}]},"3":{"type":"branch","line":58,"loc":{"start":{"line":58,"column":34},"end":{"line":68,"column":7}},"locations":[{"start":{"line":58,"column":34},"end":{"line":68,"column":7}}]},"4":{"type":"branch","line":68,"loc":{"start":{"line":68,"column":6},"end":{"line":77,"column":13}},"locations":[{"start":{"line":68,"column":6},"end":{"line":77,"column":13}}]},"5":{"type":"branch","line":77,"loc":{"start":{"line":77,"column":4},"end":{"line":85,"column":5}},"locations":[{"start":{"line":77,"column":4},"end":{"line":85,"column":5}}]},"6":{"type":"branch","line":88,"loc":{"start":{"line":88,"column":2},"end":{"line":161,"column":3}},"locations":[{"start":{"line":88,"column":2},"end":{"line":161,"column":3}}]},"7":{"type":"branch","line":95,"loc":{"start":{"line":95,"column":17},"end":{"line":103,"column":7}},"locations":[{"start":{"line":95,"column":17},"end":{"line":103,"column":7}}]},"8":{"type":"branch","line":103,"loc":{"start":{"line":103,"column":6},"end":{"line":106,"column":30}},"locations":[{"start":{"line":103,"column":6},"end":{"line":106,"column":30}}]},"9":{"type":"branch","line":106,"loc":{"start":{"line":106,"column":30},"end":{"line":114,"column":7}},"locations":[{"start":{"line":106,"column":30},"end":{"line":114,"column":7}}]},"10":{"type":"branch","line":114,"loc":{"start":{"line":114,"column":6},"end":{"line":117,"column":28}},"locations":[{"start":{"line":114,"column":6},"end":{"line":117,"column":28}}]},"11":{"type":"branch","line":117,"loc":{"start":{"line":117,"column":28},"end":{"line":144,"column":17}},"locations":[{"start":{"line":117,"column":28},"end":{"line":144,"column":17}}]},"12":{"type":"branch","line":144,"loc":{"start":{"line":144,"column":17},"end":{"line":146,"column":7}},"locations":[{"start":{"line":144,"column":17},"end":{"line":146,"column":7}}]},"13":{"type":"branch","line":146,"loc":{"start":{"line":146,"column":6},"end":{"line":152,"column":13}},"locations":[{"start":{"line":146,"column":6},"end":{"line":152,"column":13}}]},"14":{"type":"branch","line":152,"loc":{"start":{"line":152,"column":4},"end":{"line":160,"column":5}},"locations":[{"start":{"line":152,"column":4},"end":{"line":160,"column":5}}]},"15":{"type":"branch","line":163,"loc":{"start":{"line":163,"column":2},"end":{"line":194,"column":3}},"locations":[{"start":{"line":163,"column":2},"end":{"line":194,"column":3}}]},"16":{"type":"branch","line":172,"loc":{"start":{"line":172,"column":17},"end":{"line":174,"column":7}},"locations":[{"start":{"line":172,"column":17},"end":{"line":174,"column":7}}]},"17":{"type":"branch","line":177,"loc":{"start":{"line":177,"column":30},"end":{"line":177,"column":42}},"locations":[{"start":{"line":177,"column":30},"end":{"line":177,"column":42}}]},"18":{"type":"branch","line":185,"loc":{"start":{"line":185,"column":4},"end":{"line":193,"column":5}},"locations":[{"start":{"line":185,"column":4},"end":{"line":193,"column":5}}]},"19":{"type":"branch","line":178,"loc":{"start":{"line":178,"column":8},"end":{"line":178,"column":77}},"locations":[{"start":{"line":178,"column":8},"end":{"line":178,"column":77}}]},"20":{"type":"branch","line":196,"loc":{"start":{"line":196,"column":2},"end":{"line":250,"column":3}},"locations":[{"start":{"line":196,"column":2},"end":{"line":250,"column":3}}]},"21":{"type":"branch","line":226,"loc":{"start":{"line":226,"column":23},"end":{"line":229,"column":7}},"locations":[{"start":{"line":226,"column":23},"end":{"line":229,"column":7}}]},"22":{"type":"branch","line":234,"loc":{"start":{"line":234,"column":23},"end":{"line":234,"column":39}},"locations":[{"start":{"line":234,"column":23},"end":{"line":234,"column":39}}]},"23":{"type":"branch","line":235,"loc":{"start":{"line":235,"column":24},"end":{"line":235,"column":40}},"locations":[{"start":{"line":235,"column":24},"end":{"line":235,"column":40}}]},"24":{"type":"branch","line":236,"loc":{"start":{"line":236,"column":29},"end":{"line":236,"column":51}},"locations":[{"start":{"line":236,"column":29},"end":{"line":236,"column":51}}]},"25":{"type":"branch","line":237,"loc":{"start":{"line":237,"column":24},"end":{"line":237,"column":41}},"locations":[{"start":{"line":237,"column":24},"end":{"line":237,"column":41}}]},"26":{"type":"branch","line":238,"loc":{"start":{"line":238,"column":37},"end":{"line":238,"column":53}},"locations":[{"start":{"line":238,"column":37},"end":{"line":238,"column":53}}]},"27":{"type":"branch","line":241,"loc":{"start":{"line":241,"column":4},"end":{"line":249,"column":5}},"locations":[{"start":{"line":241,"column":4},"end":{"line":249,"column":5}}]},"28":{"type":"branch","line":252,"loc":{"start":{"line":252,"column":2},"end":{"line":299,"column":3}},"locations":[{"start":{"line":252,"column":2},"end":{"line":299,"column":3}}]},"29":{"type":"branch","line":259,"loc":{"start":{"line":259,"column":17},"end":{"line":267,"column":7}},"locations":[{"start":{"line":259,"column":17},"end":{"line":267,"column":7}}]},"30":{"type":"branch","line":267,"loc":{"start":{"line":267,"column":6},"end":{"line":270,"column":30}},"locations":[{"start":{"line":267,"column":6},"end":{"line":270,"column":30}}]},"31":{"type":"branch","line":270,"loc":{"start":{"line":270,"column":30},"end":{"line":285,"column":17}},"locations":[{"start":{"line":270,"column":30},"end":{"line":285,"column":17}}]},"32":{"type":"branch","line":285,"loc":{"start":{"line":285,"column":17},"end":{"line":287,"column":7}},"locations":[{"start":{"line":285,"column":17},"end":{"line":287,"column":7}}]},"33":{"type":"branch","line":287,"loc":{"start":{"line":287,"column":6},"end":{"line":290,"column":13}},"locations":[{"start":{"line":287,"column":6},"end":{"line":290,"column":13}}]},"34":{"type":"branch","line":290,"loc":{"start":{"line":290,"column":4},"end":{"line":298,"column":5}},"locations":[{"start":{"line":290,"column":4},"end":{"line":298,"column":5}}]},"35":{"type":"branch","line":301,"loc":{"start":{"line":301,"column":2},"end":{"line":357,"column":3}},"locations":[{"start":{"line":301,"column":2},"end":{"line":357,"column":3}}]},"36":{"type":"branch","line":310,"loc":{"start":{"line":310,"column":62},"end":{"line":335,"column":17}},"locations":[{"start":{"line":310,"column":62},"end":{"line":335,"column":17}}]},"37":{"type":"branch","line":335,"loc":{"start":{"line":335,"column":17},"end":{"line":342,"column":7}},"locations":[{"start":{"line":335,"column":17},"end":{"line":342,"column":7}}]},"38":{"type":"branch","line":342,"loc":{"start":{"line":342,"column":6},"end":{"line":346,"column":23}},"locations":[{"start":{"line":342,"column":6},"end":{"line":346,"column":23}}]},"39":{"type":"branch","line":346,"loc":{"start":{"line":346,"column":15},"end":{"line":346,"column":45}},"locations":[{"start":{"line":346,"column":15},"end":{"line":346,"column":45}}]},"40":{"type":"branch","line":348,"loc":{"start":{"line":348,"column":4},"end":{"line":356,"column":5}},"locations":[{"start":{"line":348,"column":4},"end":{"line":356,"column":5}}]}},"b":{"0":[14],"1":[2],"2":[1],"3":[0],"4":[1],"5":[0],"6":[4],"7":[1],"8":[3],"9":[1],"10":[2],"11":[1],"12":[0],"13":[1],"14":[0],"15":[2],"16":[0],"17":[0],"18":[0],"19":[4],"20":[1],"21":[0],"22":[0],"23":[0],"24":[0],"25":[0],"26":[0],"27":[0],"28":[3],"29":[1],"30":[2],"31":[1],"32":[0],"33":[1],"34":[0],"35":[2],"36":[1],"37":[0],"38":[1],"39":[0],"40":[0]},"fnMap":{"0":{"name":"UserService","decl":{"start":{"line":30,"column":2},"end":{"line":30,"column":60}},"loc":{"start":{"line":30,"column":2},"end":{"line":30,"column":60}},"line":30},"1":{"name":"getUserProfile","decl":{"start":{"line":32,"column":2},"end":{"line":86,"column":3}},"loc":{"start":{"line":32,"column":2},"end":{"line":86,"column":3}},"line":32},"2":{"name":"updateProfile","decl":{"start":{"line":88,"column":2},"end":{"line":161,"column":3}},"loc":{"start":{"line":88,"column":2},"end":{"line":161,"column":3}},"line":88},"3":{"name":"searchUsers","decl":{"start":{"line":163,"column":2},"end":{"line":194,"column":3}},"loc":{"start":{"line":163,"column":2},"end":{"line":194,"column":3}},"line":163},"4":{"name":"getUserStats","decl":{"start":{"line":196,"column":2},"end":{"line":250,"column":3}},"loc":{"start":{"line":196,"column":2},"end":{"line":250,"column":3}},"line":196},"5":{"name":"deleteAccount","decl":{"start":{"line":252,"column":2},"end":{"line":299,"column":3}},"loc":{"start":{"line":252,"column":2},"end":{"line":299,"column":3}},"line":252},"6":{"name":"getUserActivities","decl":{"start":{"line":301,"column":2},"end":{"line":357,"column":3}},"loc":{"start":{"line":301,"column":2},"end":{"line":357,"column":3}},"line":301},"7":{"name":"createDefaultAvatar","decl":{"start":{"line":359,"column":2},"end":{"line":394,"column":3}},"loc":{"start":{"line":359,"column":2},"end":{"line":394,"column":3}},"line":359}},"f":{"0":14,"1":2,"2":4,"3":2,"4":1,"5":3,"6":2,"7":0}}
,"/Users/chrisdukes/Desktop/projects/vibestack-improved/vibestack/vibestack-api/src/types/index.ts": {"path":"/Users/chrisdukes/Desktop/projects/vibestack-improved/vibestack/vibestack-api/src/types/index.ts","all":true,"statementMap":{},"s":{},"branchMap":{"0":{"type":"branch","line":1,"loc":{"start":{"line":1,"column":9108},"end":{"line":401,"column":1}},"locations":[{"start":{"line":1,"column":9108},"end":{"line":401,"column":1}}]}},"b":{"0":[1]},"fnMap":{"0":{"name":"(empty-report)","decl":{"start":{"line":1,"column":9108},"end":{"line":401,"column":1}},"loc":{"start":{"line":1,"column":9108},"end":{"line":401,"column":1}},"line":1}},"f":{"0":1}}
}
